2024-04-02 00:10:11,494 [ERROR] LogOutputStream:75 - [STDERR_REDIRECT] Exception in thread "SWV client thread" java.lang.NullPointerException: Cannot invoke "com.st.stm32cube.ide.mcu.debug.swv.core.SWVPlugin.isDebugging()" because "com.st.stm32cube.ide.mcu.debug.swv.core.SWVPlugin.plugin" is null
2024-04-02 00:10:11,572 [ERROR] LogOutputStream:75 - [STDERR_REDIRECT] 	at com.st.stm32cube.ide.mcu.debug.swv.core.SWVPlugin.debugTrace(SWVPlugin.java:85)
2024-04-02 00:10:11,573 [ERROR] LogOutputStream:75 - [STDERR_REDIRECT] 	at com.st.stm32cube.ide.mcu.debug.swv.core.SWVClient.TRACE(SWVClient.java:768)
2024-04-02 00:10:11,575 [ERROR] LogOutputStream:75 - [STDERR_REDIRECT] 	at com.st.stm32cube.ide.mcu.debug.swv.core.SWVClient.readByte(SWVClient.java:296)
2024-04-02 00:10:11,579 [ERROR] LogOutputStream:75 - [STDERR_REDIRECT] 	at com.st.stm32cube.ide.mcu.debug.swv.core.SWVClient.getNextByte(SWVClient.java:277)
2024-04-02 00:10:11,581 [ERROR] LogOutputStream:75 - [STDERR_REDIRECT] 	at com.st.stm32cube.ide.mcu.debug.swv.core.SWVClient.run(SWVClient.java:313)
2024-04-02 00:10:12,261 [ERROR] LogOutputStream:75 - [STDERR_REDIRECT] 
2024-04-02 00:10:12,262 [ERROR] LogOutputStream:75 - [STDERR_REDIRECT] 
2024-04-02 11:48:26,825 [INFO] Activator:176 - 


2024-04-02 11:48:26,828 [INFO] Activator:177 - !SESSION log4j initialized
2024-04-02 11:48:33,125 [INFO] LogOutputStream:77 - [STDOUT_REDIRECT] 
2024-04-02 11:48:39,514 [INFO] ApplicationProperties:184 - Using Application install path: C:\ST\STM32CubeIDE_1.14.0\STM32CubeIDE\plugins\com.st.stm32cube.common.mx_6.10.0.202311202037
2024-04-02 11:48:39,534 [INFO] DbMcusXml:78 - Set database path to: C:\ST\STM32CubeIDE_1.14.0\STM32CubeIDE\plugins\com.st.stm32cube.common.mx_6.10.0.202311202037\\db\/mcu/
2024-04-02 11:48:39,534 [INFO] ApiDb:274 - Set plugin database path to: C:\ST\STM32CubeIDE_1.14.0\STM32CubeIDE\plugins\com.st.stm32cube.common.mx_6.10.0.202311202037\\db\/plugins/boardmanager/
2024-04-02 11:48:39,534 [WARN] ApiDb:259 - Overriding images path with different value:  => C:\ST\STM32CubeIDE_1.14.0\STM32CubeIDE\plugins\com.st.stm32cube.common.mx_6.10.0.202311202037\\db\/plugins/mcufinder/images/
2024-04-02 11:48:39,544 [INFO] ApiDb:250 - Set database path to: C:\Users\johns\.stmcufinder\plugins\mcufinder//mcu/
2024-04-02 11:48:39,545 [INFO] DbMcusAds:125 - Set database path to: C:\Users\johns\.stmcufinder\plugins\mcufinder//mcu/
2024-04-02 11:48:39,547 [INFO] CrossReferenceDbSqlite:203 - Set database path to: C:\Users\johns\.stmcufinder\plugins\mcufinder//mcu/cs/
2024-04-02 11:48:39,658 [INFO] RulesReader:64 - Compatibility file has been processed (297 Rules)
2024-04-02 11:48:39,758 [INFO] DbMcusXml:78 - Set database path to: C:\ST\STM32CubeIDE_1.14.0\STM32CubeIDE\plugins\com.st.stm32cube.common.mx_6.10.0.202311202037\\db\/mcu/
2024-04-02 11:48:39,758 [INFO] ApiDb:274 - Set plugin database path to: C:\ST\STM32CubeIDE_1.14.0\STM32CubeIDE\plugins\com.st.stm32cube.common.mx_6.10.0.202311202037\\db\/plugins/boardmanager/
2024-04-02 11:48:39,758 [INFO] ApiDb:261 - Set plugin images path to: C:\ST\STM32CubeIDE_1.14.0\STM32CubeIDE\plugins\com.st.stm32cube.common.mx_6.10.0.202311202037\\db\/plugins/mcufinder/images/
2024-04-02 11:48:39,758 [WARN] DbFile:41 - Overriding database path with different value: C:\Users\johns\.stmcufinder\plugins\mcufinder/ => C:\Users\johns\.stmcufinder\plugins\mcufinder
2024-04-02 11:48:39,759 [INFO] ApiDb:250 - Set database path to: C:\Users\johns\.stmcufinder\plugins\mcufinder//mcu/
2024-04-02 11:48:39,759 [WARN] DbFile:41 - Overriding database path with different value: C:\Users\johns\.stmcufinder\plugins\mcufinder/ => C:\Users\johns\.stmcufinder\plugins\mcufinder
2024-04-02 11:48:39,759 [INFO] DbMcusAds:125 - Set database path to: C:\Users\johns\.stmcufinder\plugins\mcufinder//mcu/
2024-04-02 11:48:39,759 [WARN] DbFile:41 - Overriding database path with different value: C:\Users\johns\.stmcufinder\plugins\mcufinder/ => C:\Users\johns\.stmcufinder\plugins\mcufinder
2024-04-02 11:48:39,759 [WARN] DbFile:41 - Overriding database path with different value: C:\Users\johns\.stmcufinder\plugins\mcufinder/ => C:\Users\johns\.stmcufinder\plugins\mcufinder
2024-04-02 11:48:39,759 [INFO] CrossReferenceDbSqlite:203 - Set database path to: C:\Users\johns\.stmcufinder\plugins\mcufinder//mcu/cs/
2024-04-02 11:48:39,849 [INFO] MainPanel:264 - HeapMemory: 268435456
2024-04-02 11:48:39,959 [INFO] DbMcusXml:78 - Set database path to: C:\ST\STM32CubeIDE_1.14.0\STM32CubeIDE\plugins\com.st.stm32cube.common.mx_6.10.0.202311202037\\db\/mcu/
2024-04-02 11:48:39,959 [INFO] ApiDb:274 - Set plugin database path to: C:\ST\STM32CubeIDE_1.14.0\STM32CubeIDE\plugins\com.st.stm32cube.common.mx_6.10.0.202311202037\\db\/plugins/boardmanager/
2024-04-02 11:48:39,959 [INFO] ApiDb:261 - Set plugin images path to: C:\ST\STM32CubeIDE_1.14.0\STM32CubeIDE\plugins\com.st.stm32cube.common.mx_6.10.0.202311202037\\db\/plugins/mcufinder/images/
2024-04-02 11:48:39,960 [WARN] DbFile:41 - Overriding database path with different value: C:\Users\johns\.stmcufinder\plugins\mcufinder/ => C:\Users\johns\.stmcufinder\plugins\mcufinder
2024-04-02 11:48:39,960 [INFO] ApiDb:250 - Set database path to: C:\Users\johns\.stmcufinder\plugins\mcufinder//mcu/
2024-04-02 11:48:39,961 [WARN] DbFile:41 - Overriding database path with different value: C:\Users\johns\.stmcufinder\plugins\mcufinder/ => C:\Users\johns\.stmcufinder\plugins\mcufinder
2024-04-02 11:48:39,961 [INFO] DbMcusAds:125 - Set database path to: C:\Users\johns\.stmcufinder\plugins\mcufinder//mcu/
2024-04-02 11:48:39,961 [WARN] DbFile:41 - Overriding database path with different value: C:\Users\johns\.stmcufinder\plugins\mcufinder/ => C:\Users\johns\.stmcufinder\plugins\mcufinder
2024-04-02 11:48:39,961 [WARN] DbFile:41 - Overriding database path with different value: C:\Users\johns\.stmcufinder\plugins\mcufinder/ => C:\Users\johns\.stmcufinder\plugins\mcufinder
2024-04-02 11:48:39,961 [INFO] CrossReferenceDbSqlite:203 - Set database path to: C:\Users\johns\.stmcufinder\plugins\mcufinder//mcu/cs/
2024-04-02 11:48:39,982 [INFO] ApplicationProperties:184 - Using Application install path: C:\ST\STM32CubeIDE_1.14.0\STM32CubeIDE\plugins\com.st.stm32cube.common.mx_6.10.0.202311202037
2024-04-02 11:48:39,984 [INFO] PluginManage:196 - Search for loadable plugins [exclusion list=, ]
2024-04-02 11:48:39,985 [INFO] PluginManage:310 - Check plugin analytics
2024-04-02 11:48:45,163 [INFO] AnalyticsPlugin:253 - Accepted Software Licenses: 
2024-04-02 11:48:45,163 [INFO] AnalyticsPlugin:255 - Accepted CMSIS Pack Licenses: 
2024-04-02 11:48:45,165 [INFO] AnalyticsPlugin:257 - Accepted Firmware Licenses: FW.F4.1.28.0
2024-04-02 11:48:45,165 [INFO] PluginManage:359 - Loaded plugin analytics (category:tool,tabindex:-1)
2024-04-02 11:48:45,165 [INFO] PluginManage:310 - Check plugin cadmodel
2024-04-02 11:48:45,177 [INFO] CADModel:105 - Init CAD model plugin
2024-04-02 11:48:45,177 [INFO] PluginManage:359 - Loaded plugin cadmodel (category:power,tabindex:5)
2024-04-02 11:48:45,177 [INFO] PluginManage:310 - Check plugin clock
2024-04-02 11:48:45,186 [INFO] PluginManage:359 - Loaded plugin clock (category:base,tabindex:2)
2024-04-02 11:48:45,186 [INFO] PluginManage:310 - Check plugin ddr
2024-04-02 11:48:45,189 [INFO] PluginManage:359 - Loaded plugin ddr (category:tool,tabindex:6)
2024-04-02 11:48:45,189 [INFO] PluginManage:310 - Check plugin filemanager
2024-04-02 11:48:45,349 [INFO] PluginManage:359 - Loaded plugin filemanager (category:base,tabindex:10)
2024-04-02 11:48:45,349 [INFO] PluginManage:310 - Check plugin ipmanager
2024-04-02 11:48:45,361 [INFO] PluginManage:359 - Loaded plugin ipmanager (category:base,tabindex:5)
2024-04-02 11:48:45,361 [INFO] PluginManage:310 - Check plugin lpbam
2024-04-02 11:48:45,365 [INFO] PluginManage:359 - Loaded plugin lpbam (category:base,tabindex:0)
2024-04-02 11:48:45,365 [INFO] PluginManage:310 - Check plugin memorymap
2024-04-02 11:48:45,394 [INFO] PluginManage:359 - Loaded plugin memorymap (category:base,tabindex:4)
2024-04-02 11:48:45,394 [INFO] PluginManage:310 - Check plugin pinoutandconfiguration
2024-04-02 11:48:45,399 [INFO] PluginManage:359 - Loaded plugin pinoutandconfiguration (category:base,tabindex:1)
2024-04-02 11:48:45,399 [INFO] PluginManage:310 - Check plugin pinoutconfig
2024-04-02 11:48:45,518 [WARN] SupportedApi:132 - Cannot load RTOS API schema: s4s-elt-must-match.1: The content of 'definitions' must match (annotation?, (simpleType | complexType)?, (unique | key | keyref)*)). A problem was found starting at: attribute.
2024-04-02 11:48:45,672 [INFO] PluginManage:359 - Loaded plugin pinoutconfig (category:base,tabindex:0)
2024-04-02 11:48:45,672 [INFO] PluginManage:310 - Check plugin power
2024-04-02 11:48:45,693 [INFO] PluginManage:359 - Loaded plugin power (category:power,tabindex:4)
2024-04-02 11:48:45,693 [INFO] PluginManage:310 - Check plugin projectmanager
2024-04-02 11:48:45,712 [INFO] PluginManage:359 - Loaded plugin projectmanager (category:projectmanager,tabindex:3)
2024-04-02 11:48:45,712 [INFO] PluginManage:310 - Check plugin thirdparty
2024-04-02 11:48:45,885 [INFO] PluginManage:359 - Loaded plugin thirdparty (category:base,tabindex:-1)
2024-04-02 11:48:45,885 [WARN] IntegrityCheckThread:84 - waiting for thirdparty lock release [integrity check]
2024-04-02 11:48:45,885 [INFO] PluginManage:310 - Check plugin tools
2024-04-02 11:48:45,887 [INFO] IntegrityCheckThread:86 - entering critical section [integrity check]
2024-04-02 11:48:45,887 [INFO] ThirdPartyUpdaterWithRetryManager:70 - Updater plugin not ready yet. [1/15]
2024-04-02 11:48:45,891 [INFO] PluginManage:359 - Loaded plugin tools (category:base,tabindex:7)
2024-04-02 11:48:45,891 [INFO] PluginManage:310 - Check plugin tutovideos
2024-04-02 11:48:46,090 [INFO] PluginManage:359 - Loaded plugin tutovideos (category:base,tabindex:-1)
2024-04-02 11:48:46,090 [INFO] PluginManage:310 - Check plugin updater
2024-04-02 11:48:46,103 [INFO] PluginManage:359 - Loaded plugin updater (category:base,tabindex:12)
2024-04-02 11:48:46,103 [INFO] PluginManage:310 - Check plugin userauth
2024-04-02 11:48:46,103 [INFO] UserAuth:114 - Init User Auth plugin
2024-04-02 11:48:46,103 [INFO] PluginManage:359 - Loaded plugin userauth (category:base,tabindex:14)
2024-04-02 11:48:46,103 [INFO] PluginManage:283 - PluginManage : Loaded plugins [17]
2024-04-02 11:48:46,397 [INFO] PinOutPanel:1499 - setPackage(No Configuration,No Configuration)
2024-04-02 11:48:46,476 [INFO] CADModel:165 - CPN selected for project level
2024-04-02 11:48:46,476 [INFO] CADModel:114 - Register for checkConnection events
2024-04-02 11:48:46,495 [INFO] IPUIPlugin:80 - create IPUIPlugin
2024-04-02 11:48:46,495 [INFO] PluginManager:220 - loadIPPluginJar : add adc
2024-04-02 11:48:46,499 [INFO] IPUIPlugin:80 - create IPUIPlugin
2024-04-02 11:48:46,499 [INFO] PluginManager:220 - loadIPPluginJar : add aes
2024-04-02 11:48:46,503 [INFO] IPUIPlugin:80 - create IPUIPlugin
2024-04-02 11:48:46,503 [INFO] PluginManager:220 - loadIPPluginJar : add can
2024-04-02 11:48:46,503 [INFO] IPUIPlugin:80 - create IPUIPlugin
2024-04-02 11:48:46,503 [INFO] PluginManager:220 - loadIPPluginJar : add comp
2024-04-02 11:48:46,503 [INFO] IPUIPlugin:80 - create IPUIPlugin
2024-04-02 11:48:46,503 [INFO] PluginManager:220 - loadIPPluginJar : add cryp
2024-04-02 11:48:46,512 [INFO] IPUIPlugin:80 - create IPUIPlugin
2024-04-02 11:48:46,512 [INFO] PluginManager:220 - loadIPPluginJar : add dfsdm
2024-04-02 11:48:46,517 [INFO] IPUIPlugin:80 - create IPUIPlugin
2024-04-02 11:48:46,517 [INFO] PluginManager:220 - loadIPPluginJar : add dma
2024-04-02 11:48:46,517 [INFO] IPUIPlugin:80 - create IPUIPlugin
2024-04-02 11:48:46,517 [INFO] PluginManager:220 - loadIPPluginJar : add dma3
2024-04-02 11:48:46,524 [INFO] IPUIPlugin:80 - create IPUIPlugin
2024-04-02 11:48:46,524 [INFO] PluginManager:220 - loadIPPluginJar : add fatfs
2024-04-02 11:48:46,526 [INFO] IPUIPlugin:80 - create IPUIPlugin
2024-04-02 11:48:46,526 [INFO] PluginManager:220 - loadIPPluginJar : add fmc
2024-04-02 11:48:46,532 [INFO] IPUIPlugin:80 - create IPUIPlugin
2024-04-02 11:48:46,532 [INFO] PluginManager:220 - loadIPPluginJar : add freertos
2024-04-02 11:48:46,532 [INFO] IPUIPlugin:80 - create IPUIPlugin
2024-04-02 11:48:46,532 [INFO] PluginManager:220 - loadIPPluginJar : add genericplugin
2024-04-02 11:48:46,538 [INFO] IPUIPlugin:80 - create IPUIPlugin
2024-04-02 11:48:46,538 [INFO] PluginManager:220 - loadIPPluginJar : add gfxmmu
2024-04-02 11:48:46,538 [INFO] IPUIPlugin:80 - create IPUIPlugin
2024-04-02 11:48:46,538 [INFO] PluginManager:220 - loadIPPluginJar : add gic
2024-04-02 11:48:46,547 [INFO] IPUIPlugin:80 - create IPUIPlugin
2024-04-02 11:48:46,547 [INFO] PluginManager:220 - loadIPPluginJar : add gpio
2024-04-02 11:48:46,550 [INFO] IPUIPlugin:80 - create IPUIPlugin
2024-04-02 11:48:46,550 [INFO] PluginManager:220 - loadIPPluginJar : add gtzc
2024-04-02 11:48:46,554 [INFO] IPUIPlugin:80 - create IPUIPlugin
2024-04-02 11:48:46,554 [INFO] PluginManager:220 - loadIPPluginJar : add hash
2024-04-02 11:48:46,556 [INFO] IPUIPlugin:80 - create IPUIPlugin
2024-04-02 11:48:46,556 [INFO] PluginManager:220 - loadIPPluginJar : add i2c
2024-04-02 11:48:46,559 [INFO] IPUIPlugin:80 - create IPUIPlugin
2024-04-02 11:48:46,559 [INFO] PluginManager:220 - loadIPPluginJar : add i2s
2024-04-02 11:48:46,563 [INFO] IPUIPlugin:80 - create IPUIPlugin
2024-04-02 11:48:46,563 [INFO] PluginManager:220 - loadIPPluginJar : add i3c
2024-04-02 11:48:46,565 [INFO] IPUIPlugin:80 - create IPUIPlugin
2024-04-02 11:48:46,565 [INFO] PluginManager:220 - loadIPPluginJar : add ipddr
2024-04-02 11:48:46,573 [INFO] IPUIPlugin:80 - create IPUIPlugin
2024-04-02 11:48:46,573 [INFO] PluginManager:220 - loadIPPluginJar : add linkedlist
2024-04-02 11:48:46,574 [INFO] IPUIPlugin:80 - create IPUIPlugin
2024-04-02 11:48:46,574 [INFO] PluginManager:220 - loadIPPluginJar : add lorawan
2024-04-02 11:48:46,574 [INFO] IPUIPlugin:80 - create IPUIPlugin
2024-04-02 11:48:46,574 [INFO] PluginManager:220 - loadIPPluginJar : add ltdc
2024-04-02 11:48:46,580 [INFO] IPUIPlugin:80 - create IPUIPlugin
2024-04-02 11:48:46,580 [INFO] PluginManager:220 - loadIPPluginJar : add mdma
2024-04-02 11:48:46,588 [INFO] IPUIPlugin:80 - create IPUIPlugin
2024-04-02 11:48:46,588 [INFO] PluginManager:220 - loadIPPluginJar : add nvic
2024-04-02 11:48:46,588 [INFO] IPUIPlugin:80 - create IPUIPlugin
2024-04-02 11:48:46,588 [INFO] PluginManager:220 - loadIPPluginJar : add opamp
2024-04-02 11:48:46,594 [INFO] IPUIPlugin:80 - create IPUIPlugin
2024-04-02 11:48:46,594 [INFO] PluginManager:220 - loadIPPluginJar : add openamp
2024-04-02 11:48:46,597 [INFO] IPUIPlugin:80 - create IPUIPlugin
2024-04-02 11:48:46,597 [INFO] PluginManager:220 - loadIPPluginJar : add pdm2pcm
2024-04-02 11:48:46,603 [INFO] IPUIPlugin:80 - create IPUIPlugin
2024-04-02 11:48:46,607 [INFO] PluginManager:220 - loadIPPluginJar : add plateformsettings
2024-04-02 11:48:46,608 [INFO] IPUIPlugin:80 - create IPUIPlugin
2024-04-02 11:48:46,608 [INFO] PluginManager:220 - loadIPPluginJar : add quadspi
2024-04-02 11:48:46,614 [INFO] IPUIPlugin:80 - create IPUIPlugin
2024-04-02 11:48:46,614 [INFO] PluginManager:220 - loadIPPluginJar : add resmgrutility
2024-04-02 11:48:46,615 [INFO] IPUIPlugin:80 - create IPUIPlugin
2024-04-02 11:48:46,615 [INFO] PluginManager:220 - loadIPPluginJar : add sai
2024-04-02 11:48:46,615 [INFO] IPUIPlugin:80 - create IPUIPlugin
2024-04-02 11:48:46,615 [INFO] PluginManager:220 - loadIPPluginJar : add spi
2024-04-02 11:48:46,623 [INFO] IPUIPlugin:80 - create IPUIPlugin
2024-04-02 11:48:46,623 [INFO] PluginManager:220 - loadIPPluginJar : add stm32_wpan
2024-04-02 11:48:46,626 [INFO] IPUIPlugin:80 - create IPUIPlugin
2024-04-02 11:48:46,626 [INFO] PluginManager:220 - loadIPPluginJar : add tim
2024-04-02 11:48:46,630 [INFO] IPUIPlugin:80 - create IPUIPlugin
2024-04-02 11:48:46,630 [INFO] PluginManager:220 - loadIPPluginJar : add touchsensing
2024-04-02 11:48:46,634 [INFO] IPUIPlugin:80 - create IPUIPlugin
2024-04-02 11:48:46,634 [INFO] PluginManager:220 - loadIPPluginJar : add tracer_emb
2024-04-02 11:48:46,636 [INFO] IPUIPlugin:80 - create IPUIPlugin
2024-04-02 11:48:46,636 [INFO] PluginManager:220 - loadIPPluginJar : add ts
2024-04-02 11:48:46,639 [INFO] IPUIPlugin:80 - create IPUIPlugin
2024-04-02 11:48:46,639 [INFO] PluginManager:220 - loadIPPluginJar : add tsc
2024-04-02 11:48:46,640 [INFO] IPUIPlugin:80 - create IPUIPlugin
2024-04-02 11:48:46,640 [INFO] PluginManager:220 - loadIPPluginJar : add ucpd
2024-04-02 11:48:46,643 [INFO] IPUIPlugin:80 - create IPUIPlugin
2024-04-02 11:48:46,643 [INFO] PluginManager:220 - loadIPPluginJar : add usart
2024-04-02 11:48:46,646 [INFO] IPUIPlugin:80 - create IPUIPlugin
2024-04-02 11:48:46,647 [INFO] PluginManager:220 - loadIPPluginJar : add usbx
2024-04-02 11:48:46,787 [INFO] CADModel:165 - CPN selected for project level
2024-04-02 11:48:46,789 [INFO] CADModel:114 - Register for checkConnection events
2024-04-02 11:48:46,789 [FATAL] Updater:308 - Updater called before beeing initialized
2024-04-02 11:48:46,789 [ERROR] CADModel:125 - Updater not yet initialized, retry later 
2024-04-02 11:48:46,961 [INFO] CADModel:165 - CPN selected for project level
2024-04-02 11:48:46,961 [INFO] CADModel:114 - Register for checkConnection events
2024-04-02 11:48:46,961 [FATAL] Updater:308 - Updater called before beeing initialized
2024-04-02 11:48:46,961 [ERROR] CADModel:125 - Updater not yet initialized, retry later 
2024-04-02 11:48:46,964 [FATAL] Updater:308 - Updater called before beeing initialized
2024-04-02 11:48:47,095 [FATAL] Updater:308 - Updater called before beeing initialized
2024-04-02 11:48:47,099 [INFO] DbMcusAds:53 - JSON generation date=Wed Nov 29 03:52:27 MST 2023 (1701255147349)
2024-04-02 11:48:47,099 [FATAL] Updater:308 - Updater called before beeing initialized
2024-04-02 11:48:47,140 [WARN] DetailPanel:346 - Failed to get advertising image, set to default
2024-04-02 11:48:47,230 [FATAL] Updater:308 - Updater called before beeing initialized
2024-04-02 11:48:47,230 [FATAL] Updater:308 - Updater called before beeing initialized
2024-04-02 11:48:47,230 [FATAL] Updater:308 - Updater called before beeing initialized
2024-04-02 11:48:47,230 [WARN] DetailPanel:346 - Failed to get advertising image, set to default
2024-04-02 11:48:47,245 [FATAL] Updater:308 - Updater called before beeing initialized
2024-04-02 11:48:47,296 [ERROR] Updater:1120 - MainUpdater not yet initialized. External WinMGr cannot be set.
2024-04-02 11:48:47,296 [INFO] Updater:1056 - Updater Version found : 6.10.0
2024-04-02 11:48:47,324 [INFO] ApplicationProperties:184 - Using Application install path: C:\ST\STM32CubeIDE_1.14.0\STM32CubeIDE\plugins\com.st.stm32cube.common.mx_6.10.0.202311202037
2024-04-02 11:48:48,896 [INFO] ThirdPartyUpdaterWithRetryManager:70 - Updater plugin not ready yet. [2/15]
2024-04-02 11:48:48,953 [ERROR] LogOutputStream:75 - [STDERR_REDIRECT] Apr 02, 2024 11:48:48 AM java.util.prefs.WindowsPreferences <init>
2024-04-02 11:48:48,953 [ERROR] LogOutputStream:75 - [STDERR_REDIRECT] WARNING: Could not open/create prefs root node Software\JavaSoft\Prefs at root 0xffffffff80000002. Windows RegCreateKeyEx(...) returned error code 5.
2024-04-02 11:48:48,959 [ERROR] LogOutputStream:75 - [STDERR_REDIRECT] 
2024-04-02 11:48:49,339 [INFO] MainUpdater:2873 - connection check result : 10
2024-04-02 11:48:49,341 [INFO] MainUpdater:290 - Updater Check For Update Now.
2024-04-02 11:48:49,341 [INFO] MicroXplorer:498 - Change Database Version : DB.6.0.100
2024-04-02 11:48:49,353 [INFO] McuFinderGlobals:63 - Set McuFinder mode to 2 (CubeIDE integrated)
2024-04-02 11:48:49,353 [INFO] UserAuth:180 - activating auth plugin
2024-04-02 11:48:49,357 [INFO] UserAuth:404 - Internet connection configuration mode: 1
2024-04-02 11:48:49,386 [INFO] JxBrowserEngine:152 - Initiate JxBrowser Engine with user profile folder
2024-04-02 11:48:49,566 [INFO] CheckServerUpdateThread:120 - End of CheckServer Thread
2024-04-02 11:48:50,445 [INFO] WebApp:161 - Instantiating new browser for Auth
2024-04-02 11:48:51,128 [INFO] WebApp:780 - Register for checkConnection events
2024-04-02 11:48:51,128 [INFO] WebApp:414 - Apply proxy settings
2024-04-02 11:48:51,128 [INFO] WebApp:499 - Chromium requires no authentication
2024-04-02 11:48:51,137 [INFO] WebApp:442 - Direct internet connection detected
2024-04-02 11:48:51,336 [INFO] WebApp:192 - Starting web application
2024-04-02 11:48:51,336 [INFO] WebApp:544 - Web application path used C:\ST\STM32CubeIDE_1.14.0\STM32CubeIDE\plugins\com.st.stm32cube.common.mx_6.10.0.202311202037\db\plugins\mcufinder\reactClient1\index.html
2024-04-02 11:48:52,129 [WARN] PackLoader:240 - Cannot read IP mode file for STMicroelectronics.X-CUBE-SMBUS.2.1.0
2024-04-02 11:48:52,143 [WARN] PackLoader:240 - Cannot read IP mode file for STMicroelectronics.X-CUBE-TOUCHGFX.4.23.1
2024-04-02 11:48:52,149 [WARN] PackLoader:240 - Cannot read IP mode file for STMicroelectronics.X-CUBE-TOUCHGFX.4.23.0
2024-04-02 11:48:52,188 [WARN] PackLoader:240 - Cannot read IP mode file for STMicroelectronics.X-CUBE-AZRTOS-F7.1.1.0
2024-04-02 11:48:52,204 [WARN] PackLoader:240 - Cannot read IP mode file for STMicroelectronics.FP-SNS-MOTENV1.4.3.2
2024-04-02 11:48:52,215 [WARN] PackLoader:240 - Cannot read IP mode file for STMicroelectronics.FP-SNS-FLIGHT1.5.0.2
2024-04-02 11:48:52,227 [WARN] PackLoader:240 - Cannot read IP mode file for STMicroelectronics.X-CUBE-DISPLAY.3.0.0
2024-04-02 11:48:52,243 [WARN] PackLoader:240 - Cannot read IP mode file for STMicroelectronics.X-CUBE-BLE1.7.0.0
2024-04-02 11:48:52,249 [WARN] PackLoader:240 - Cannot read IP mode file for emotas.I-CUBE-CANOPEN.1.3.0
2024-04-02 11:48:52,264 [WARN] PackLoader:240 - Cannot read IP mode file for STMicroelectronics.X-CUBE-BLEMGR.3.1.0
2024-04-02 11:48:52,274 [WARN] PackLoader:240 - Cannot read IP mode file for STMicroelectronics.FP-SNS-SMARTAG2.1.2.0
2024-04-02 11:48:52,288 [INFO] LogOutputStream:77 - [STDOUT_REDIRECT] 1 : Invalid condition id : UX_CORESTACK_Condition cause : null
2024-04-02 11:48:52,289 [INFO] LogOutputStream:77 - [STDOUT_REDIRECT] 1 : Invalid condition id : UX_CORESTACK_Condition cause : null
2024-04-02 11:48:52,290 [INFO] LogOutputStream:77 - [STDOUT_REDIRECT] 1 : Invalid condition id : UX_CORESTACK_Condition cause : null
2024-04-02 11:48:52,291 [INFO] LogOutputStream:77 - [STDOUT_REDIRECT] 1 : Invalid condition id : UX_CORESTACK_Condition cause : null
2024-04-02 11:48:52,292 [INFO] LogOutputStream:77 - [STDOUT_REDIRECT] 1 : Invalid condition id : UX_CORESTACK_Condition cause : null
2024-04-02 11:48:52,297 [WARN] PackLoader:240 - Cannot read IP mode file for STMicroelectronics.X-CUBE-AZRTOS-WL.2.0.0
2024-04-02 11:48:52,307 [WARN] PackLoader:240 - Cannot read IP mode file for STMicroelectronics.FP-SNS-MOTENV1.5.0.0
2024-04-02 11:48:52,319 [WARN] PackLoader:240 - Cannot read IP mode file for WES.I-CUBE-Cesium.1.3.0
2024-04-02 11:48:52,327 [WARN] PackLoader:240 - Cannot read IP mode file for STMicroelectronics.X-CUBE-BLE2.3.3.0
2024-04-02 11:48:52,338 [WARN] PackLoader:240 - Cannot read IP mode file for STMicroelectronics.X-CUBE-ALGOBUILD.1.3.0
2024-04-02 11:48:52,362 [WARN] PackLoader:240 - Cannot read IP mode file for STMicroelectronics.X-CUBE-AZRTOS-G0.1.1.0
2024-04-02 11:48:52,378 [WARN] PackLoader:240 - Cannot read IP mode file for STMicroelectronics.X-CUBE-SAFEA1.1.2.2
2024-04-02 11:48:52,385 [WARN] PackLoader:240 - Cannot read IP mode file for STMicroelectronics.X-CUBE-NFC4.3.0.0
2024-04-02 11:48:52,400 [WARN] PackLoader:240 - Cannot read IP mode file for STMicroelectronics.X-CUBE-BLEMGR.3.0.0
2024-04-02 11:48:52,408 [WARN] PackLoader:240 - Cannot read IP mode file for STMicroelectronics.FP-ATR-SIGFOX1.3.2.0
2024-04-02 11:48:52,418 [WARN] PackLoader:240 - Cannot read IP mode file for STMicroelectronics.X-CUBE-EEPRMA1.5.1.0
2024-04-02 11:48:52,463 [WARN] PackLoader:240 - Cannot read IP mode file for SEGGER.I-CUBE-embOS.1.3.1
2024-04-02 11:48:52,521 [WARN] PackLoader:240 - Cannot read IP mode file for STMicroelectronics.X-CUBE-GNSS1.6.0.0
2024-04-02 11:48:52,542 [WARN] PackLoader:240 - Cannot read IP mode file for STMicroelectronics.X-CUBE-AZRTOS-F4.1.1.0
2024-04-02 11:48:52,550 [WARN] PackLoader:240 - Cannot read IP mode file for wolfSSL.I-CUBE-wolfSSL.5.6.6
2024-04-02 11:48:52,573 [WARN] PackLoader:240 - Cannot read IP mode file for STMicroelectronics.X-CUBE-AZRTOS-L5.2.0.0
2024-04-02 11:48:52,583 [WARN] PackLoader:240 - Cannot read IP mode file for STMicroelectronics.X-CUBE-EEPRMA1.4.2.0
2024-04-02 11:48:52,597 [WARN] PackLoader:240 - Cannot read IP mode file for STMicroelectronics.X-CUBE-NFC6.3.1.0
2024-04-02 11:48:52,606 [WARN] PackLoader:240 - Cannot read IP mode file for ITTIA_DB.I-CUBE-ITTIADB.8.8.0
2024-04-02 11:48:52,613 [WARN] PackLoader:240 - Cannot read IP mode file for STMicroelectronics.X-CUBE-NFC7.1.0.1
2024-04-02 11:48:52,619 [WARN] PackLoader:240 - Cannot read IP mode file for STMicroelectronics.X-CUBE-NFC6.3.0.0
2024-04-02 11:48:52,625 [WARN] PackLoader:240 - Cannot read IP mode file for STMicroelectronics.X-CUBE-AI.8.1.0
2024-04-02 11:48:52,646 [WARN] ConditionMgr:438 - getConditionDescription Invalid condition id : LAN8742 Phy interface Condition cause : null
2024-04-02 11:48:52,647 [WARN] PackLoader:240 - Cannot read IP mode file for STMicroelectronics.X-CUBE-AZRTOS-L4.2.0.0
2024-04-02 11:48:52,648 [WARN] ConditionMgr:1039 - genDependencies : Invalid condition id : LAN8742 Phy interface Condition cause : null
2024-04-02 11:48:52,649 [WARN] ConditionMgr:1039 - genDependencies : Invalid condition id : LAN8742 Phy interface Condition cause : null
2024-04-02 11:48:52,649 [WARN] ConditionMgr:1039 - genDependencies : Invalid condition id : LAN8742 Phy interface Condition cause : null
2024-04-02 11:48:52,657 [WARN] PackLoader:240 - Cannot read IP mode file for STMicroelectronics.X-CUBE-SFXS2LP1.4.0.0
2024-04-02 11:48:52,670 [WARN] ConditionMgr:438 - getConditionDescription Invalid condition id : UX DEVICE CLASS RTOS Condition cause : null
2024-04-02 11:48:52,671 [WARN] ConditionMgr:438 - getConditionDescription Invalid condition id : UX DEVICE CLASS RTOS Condition cause : null
2024-04-02 11:48:52,673 [WARN] PackLoader:240 - Cannot read IP mode file for STMicroelectronics.X-CUBE-AZRTOS-WB.2.0.0
2024-04-02 11:48:52,674 [WARN] ConditionMgr:1039 - genDependencies : Invalid condition id : UX DEVICE CLASS RTOS Condition cause : null
2024-04-02 11:48:52,674 [WARN] ConditionMgr:1039 - genDependencies : Invalid condition id : UX DEVICE CLASS RTOS Condition cause : null
2024-04-02 11:48:52,674 [WARN] ConditionMgr:1039 - genDependencies : Invalid condition id : UX DEVICE CLASS RTOS Condition cause : null
2024-04-02 11:48:52,675 [WARN] ConditionMgr:1039 - genDependencies : Invalid condition id : UX DEVICE CLASS RTOS Condition cause : null
2024-04-02 11:48:52,676 [WARN] ConditionMgr:1039 - genDependencies : Invalid condition id : UX DEVICE CLASS RTOS Condition cause : null
2024-04-02 11:48:52,695 [WARN] PackLoader:240 - Cannot read IP mode file for STMicroelectronics.X-CUBE-SUBG2.5.0.0
2024-04-02 11:48:52,726 [WARN] PackLoader:240 - Cannot read IP mode file for STMicroelectronics.X-CUBE-AZRTOS-G4.2.0.0
2024-04-02 11:48:52,740 [WARN] PackLoader:240 - Cannot read IP mode file for Infineon.AIROC-Wi-Fi-Bluetooth-STM32.1.5.1
2024-04-02 11:48:52,798 [WARN] PackLoader:240 - Cannot read IP mode file for STMicroelectronics.X-CUBE-MEMS1.10.0.0
2024-04-02 11:48:53,036 [WARN] PackLoader:240 - Cannot read IP mode file for STMicroelectronics.X-CUBE-FREERTOS.1.1.0
2024-04-02 11:48:53,043 [WARN] PackLoader:240 - Cannot read IP mode file for portGmbH.I-Cube-SoM-uGOAL.1.1.0
2024-04-02 11:48:53,049 [WARN] PackLoader:240 - Cannot read IP mode file for STMicroelectronics.X-CUBE-ALS.1.0.1
2024-04-02 11:48:53,056 [WARN] PackLoader:240 - Cannot read IP mode file for STMicroelectronics.FP-ATR-ASTRA1.2.0.0
2024-04-02 11:48:53,069 [WARN] PackLoader:240 - Cannot read IP mode file for STMicroelectronics.X-CUBE-TOF1.3.4.0
2024-04-02 11:48:53,098 [WARN] PackLoader:240 - Cannot read IP mode file for STMicroelectronics.X-CUBE-TOF1.3.4.1
2024-04-02 11:48:53,128 [WARN] PackLoader:240 - Cannot read IP mode file for STMicroelectronics.X-CUBE-AZRTOS-H7.3.2.0
2024-04-02 11:48:53,131 [INFO] ThirdParty:978 - Integrity check success = true
2024-04-02 11:48:53,131 [INFO] IntegrityCheckThread:100 - exiting critical section [integrity check]
2024-04-02 11:48:53,131 [INFO] IntegrityCheckThread:103 - End integrity checks thread
2024-04-02 11:49:12,274 [ERROR] LogOutputStream:75 - [STDERR_REDIRECT] SLF4J: Failed to load class "org.slf4j.impl.StaticLoggerBinder".
2024-04-02 11:49:12,276 [ERROR] LogOutputStream:75 - [STDERR_REDIRECT] SLF4J: Defaulting to no-operation (NOP) logger implementation
2024-04-02 11:49:12,277 [ERROR] LogOutputStream:75 - [STDERR_REDIRECT] SLF4J: See http://www.slf4j.org/codes.html#StaticLoggerBinder for further details.
2024-04-02 17:17:24,190 [INFO] LogOutputStream:77 - [STDOUT_REDIRECT] StartTraceHandler.execute(), success : Collect=false
2024-04-02 17:17:32,937 [INFO] LogOutputStream:77 - [STDOUT_REDIRECT] StartTraceHandler.execute(), success : Collect=true
