2024-04-15 23:11:38,175 [INFO] Activator:176 - 


2024-04-15 23:11:38,183 [INFO] Activator:177 - !SESSION log4j initialized
2024-04-15 23:11:45,733 [INFO] LogOutputStream:77 - [STDOUT_REDIRECT] 
2024-04-15 23:11:47,367 [INFO] ApplicationProperties:184 - Using Application install path: C:\ST\STM32CubeIDE_1.14.0\STM32CubeIDE\plugins\com.st.stm32cube.common.mx_6.10.0.202311202037
2024-04-15 23:11:47,390 [INFO] DbMcusXml:78 - Set database path to: C:\ST\STM32CubeIDE_1.14.0\STM32CubeIDE\plugins\com.st.stm32cube.common.mx_6.10.0.202311202037\\db\/mcu/
2024-04-15 23:11:47,391 [INFO] ApiDb:274 - Set plugin database path to: C:\ST\STM32CubeIDE_1.14.0\STM32CubeIDE\plugins\com.st.stm32cube.common.mx_6.10.0.202311202037\\db\/plugins/boardmanager/
2024-04-15 23:11:47,391 [WARN] ApiDb:259 - Overriding images path with different value:  => C:\ST\STM32CubeIDE_1.14.0\STM32CubeIDE\plugins\com.st.stm32cube.common.mx_6.10.0.202311202037\\db\/plugins/mcufinder/images/
2024-04-15 23:11:47,402 [INFO] ApiDb:250 - Set database path to: C:\Users\johns\.stmcufinder\plugins\mcufinder//mcu/
2024-04-15 23:11:47,403 [INFO] DbMcusAds:125 - Set database path to: C:\Users\johns\.stmcufinder\plugins\mcufinder//mcu/
2024-04-15 23:11:47,405 [INFO] CrossReferenceDbSqlite:203 - Set database path to: C:\Users\johns\.stmcufinder\plugins\mcufinder//mcu/cs/
2024-04-15 23:11:47,592 [INFO] RulesReader:64 - Compatibility file has been processed (297 Rules)
2024-04-15 23:11:47,760 [INFO] DbMcusXml:78 - Set database path to: C:\ST\STM32CubeIDE_1.14.0\STM32CubeIDE\plugins\com.st.stm32cube.common.mx_6.10.0.202311202037\\db\/mcu/
2024-04-15 23:11:47,760 [INFO] ApiDb:274 - Set plugin database path to: C:\ST\STM32CubeIDE_1.14.0\STM32CubeIDE\plugins\com.st.stm32cube.common.mx_6.10.0.202311202037\\db\/plugins/boardmanager/
2024-04-15 23:11:47,760 [INFO] ApiDb:261 - Set plugin images path to: C:\ST\STM32CubeIDE_1.14.0\STM32CubeIDE\plugins\com.st.stm32cube.common.mx_6.10.0.202311202037\\db\/plugins/mcufinder/images/
2024-04-15 23:11:47,760 [WARN] DbFile:41 - Overriding database path with different value: C:\Users\johns\.stmcufinder\plugins\mcufinder/ => C:\Users\johns\.stmcufinder\plugins\mcufinder
2024-04-15 23:11:47,761 [INFO] ApiDb:250 - Set database path to: C:\Users\johns\.stmcufinder\plugins\mcufinder//mcu/
2024-04-15 23:11:47,761 [WARN] DbFile:41 - Overriding database path with different value: C:\Users\johns\.stmcufinder\plugins\mcufinder/ => C:\Users\johns\.stmcufinder\plugins\mcufinder
2024-04-15 23:11:47,761 [INFO] DbMcusAds:125 - Set database path to: C:\Users\johns\.stmcufinder\plugins\mcufinder//mcu/
2024-04-15 23:11:47,761 [WARN] DbFile:41 - Overriding database path with different value: C:\Users\johns\.stmcufinder\plugins\mcufinder/ => C:\Users\johns\.stmcufinder\plugins\mcufinder
2024-04-15 23:11:47,761 [WARN] DbFile:41 - Overriding database path with different value: C:\Users\johns\.stmcufinder\plugins\mcufinder/ => C:\Users\johns\.stmcufinder\plugins\mcufinder
2024-04-15 23:11:47,761 [INFO] CrossReferenceDbSqlite:203 - Set database path to: C:\Users\johns\.stmcufinder\plugins\mcufinder//mcu/cs/
2024-04-15 23:11:47,898 [INFO] MainPanel:264 - HeapMemory: 268435456
2024-04-15 23:11:48,022 [INFO] DbMcusXml:78 - Set database path to: C:\ST\STM32CubeIDE_1.14.0\STM32CubeIDE\plugins\com.st.stm32cube.common.mx_6.10.0.202311202037\\db\/mcu/
2024-04-15 23:11:48,022 [INFO] ApiDb:274 - Set plugin database path to: C:\ST\STM32CubeIDE_1.14.0\STM32CubeIDE\plugins\com.st.stm32cube.common.mx_6.10.0.202311202037\\db\/plugins/boardmanager/
2024-04-15 23:11:48,022 [INFO] ApiDb:261 - Set plugin images path to: C:\ST\STM32CubeIDE_1.14.0\STM32CubeIDE\plugins\com.st.stm32cube.common.mx_6.10.0.202311202037\\db\/plugins/mcufinder/images/
2024-04-15 23:11:48,022 [WARN] DbFile:41 - Overriding database path with different value: C:\Users\johns\.stmcufinder\plugins\mcufinder/ => C:\Users\johns\.stmcufinder\plugins\mcufinder
2024-04-15 23:11:48,023 [INFO] ApiDb:250 - Set database path to: C:\Users\johns\.stmcufinder\plugins\mcufinder//mcu/
2024-04-15 23:11:48,023 [WARN] DbFile:41 - Overriding database path with different value: C:\Users\johns\.stmcufinder\plugins\mcufinder/ => C:\Users\johns\.stmcufinder\plugins\mcufinder
2024-04-15 23:11:48,023 [INFO] DbMcusAds:125 - Set database path to: C:\Users\johns\.stmcufinder\plugins\mcufinder//mcu/
2024-04-15 23:11:48,023 [WARN] DbFile:41 - Overriding database path with different value: C:\Users\johns\.stmcufinder\plugins\mcufinder/ => C:\Users\johns\.stmcufinder\plugins\mcufinder
2024-04-15 23:11:48,023 [WARN] DbFile:41 - Overriding database path with different value: C:\Users\johns\.stmcufinder\plugins\mcufinder/ => C:\Users\johns\.stmcufinder\plugins\mcufinder
2024-04-15 23:11:48,023 [INFO] CrossReferenceDbSqlite:203 - Set database path to: C:\Users\johns\.stmcufinder\plugins\mcufinder//mcu/cs/
2024-04-15 23:11:48,049 [INFO] ApplicationProperties:184 - Using Application install path: C:\ST\STM32CubeIDE_1.14.0\STM32CubeIDE\plugins\com.st.stm32cube.common.mx_6.10.0.202311202037
2024-04-15 23:11:48,052 [INFO] PluginManage:196 - Search for loadable plugins [exclusion list=, ]
2024-04-15 23:11:48,054 [INFO] PluginManage:310 - Check plugin analytics
2024-04-15 23:11:48,349 [INFO] AnalyticsPlugin:253 - Accepted Software Licenses: 
2024-04-15 23:11:48,349 [INFO] AnalyticsPlugin:255 - Accepted CMSIS Pack Licenses: 
2024-04-15 23:11:48,349 [INFO] AnalyticsPlugin:257 - Accepted Firmware Licenses: FW.F4.1.28.0
2024-04-15 23:11:48,355 [INFO] PluginManage:359 - Loaded plugin analytics (category:tool,tabindex:-1)
2024-04-15 23:11:48,356 [INFO] PluginManage:310 - Check plugin cadmodel
2024-04-15 23:11:48,426 [INFO] CADModel:105 - Init CAD model plugin
2024-04-15 23:11:48,426 [INFO] PluginManage:359 - Loaded plugin cadmodel (category:power,tabindex:5)
2024-04-15 23:11:48,426 [INFO] PluginManage:310 - Check plugin clock
2024-04-15 23:11:48,536 [INFO] PluginManage:359 - Loaded plugin clock (category:base,tabindex:2)
2024-04-15 23:11:48,536 [INFO] PluginManage:310 - Check plugin ddr
2024-04-15 23:11:48,539 [INFO] PluginManage:359 - Loaded plugin ddr (category:tool,tabindex:6)
2024-04-15 23:11:48,539 [INFO] PluginManage:310 - Check plugin filemanager
2024-04-15 23:11:48,721 [INFO] PluginManage:359 - Loaded plugin filemanager (category:base,tabindex:10)
2024-04-15 23:11:48,722 [INFO] PluginManage:310 - Check plugin ipmanager
2024-04-15 23:11:48,730 [INFO] PluginManage:359 - Loaded plugin ipmanager (category:base,tabindex:5)
2024-04-15 23:11:48,731 [INFO] PluginManage:310 - Check plugin lpbam
2024-04-15 23:11:48,764 [INFO] PluginManage:359 - Loaded plugin lpbam (category:base,tabindex:0)
2024-04-15 23:11:48,764 [INFO] PluginManage:310 - Check plugin memorymap
2024-04-15 23:11:48,809 [INFO] PluginManage:359 - Loaded plugin memorymap (category:base,tabindex:4)
2024-04-15 23:11:48,809 [INFO] PluginManage:310 - Check plugin pinoutandconfiguration
2024-04-15 23:11:48,865 [INFO] PluginManage:359 - Loaded plugin pinoutandconfiguration (category:base,tabindex:1)
2024-04-15 23:11:48,866 [INFO] PluginManage:310 - Check plugin pinoutconfig
2024-04-15 23:11:49,015 [WARN] SupportedApi:132 - Cannot load RTOS API schema: s4s-elt-must-match.1: The content of 'definitions' must match (annotation?, (simpleType | complexType)?, (unique | key | keyref)*)). A problem was found starting at: attribute.
2024-04-15 23:11:49,182 [INFO] PluginManage:359 - Loaded plugin pinoutconfig (category:base,tabindex:0)
2024-04-15 23:11:49,182 [INFO] PluginManage:310 - Check plugin power
2024-04-15 23:11:49,239 [INFO] PluginManage:359 - Loaded plugin power (category:power,tabindex:4)
2024-04-15 23:11:49,239 [INFO] PluginManage:310 - Check plugin projectmanager
2024-04-15 23:11:49,264 [INFO] PluginManage:359 - Loaded plugin projectmanager (category:projectmanager,tabindex:3)
2024-04-15 23:11:49,264 [INFO] PluginManage:310 - Check plugin thirdparty
2024-04-15 23:11:49,528 [INFO] PluginManage:359 - Loaded plugin thirdparty (category:base,tabindex:-1)
2024-04-15 23:11:49,528 [WARN] IntegrityCheckThread:84 - waiting for thirdparty lock release [integrity check]
2024-04-15 23:11:49,529 [INFO] IntegrityCheckThread:86 - entering critical section [integrity check]
2024-04-15 23:11:49,529 [INFO] PluginManage:310 - Check plugin tools
2024-04-15 23:11:49,529 [INFO] ThirdPartyUpdaterWithRetryManager:70 - Updater plugin not ready yet. [1/15]
2024-04-15 23:11:49,537 [INFO] PluginManage:359 - Loaded plugin tools (category:base,tabindex:7)
2024-04-15 23:11:49,537 [INFO] PluginManage:310 - Check plugin tutovideos
2024-04-15 23:11:49,759 [INFO] PluginManage:359 - Loaded plugin tutovideos (category:base,tabindex:-1)
2024-04-15 23:11:49,759 [INFO] PluginManage:310 - Check plugin updater
2024-04-15 23:11:49,774 [INFO] PluginManage:359 - Loaded plugin updater (category:base,tabindex:12)
2024-04-15 23:11:49,774 [INFO] PluginManage:310 - Check plugin userauth
2024-04-15 23:11:49,780 [INFO] UserAuth:114 - Init User Auth plugin
2024-04-15 23:11:49,781 [INFO] PluginManage:359 - Loaded plugin userauth (category:base,tabindex:14)
2024-04-15 23:11:49,781 [INFO] PluginManage:283 - PluginManage : Loaded plugins [17]
2024-04-15 23:11:50,074 [INFO] PinOutPanel:1499 - setPackage(No Configuration,No Configuration)
2024-04-15 23:11:50,167 [INFO] CADModel:165 - CPN selected for project level
2024-04-15 23:11:50,167 [INFO] CADModel:114 - Register for checkConnection events
2024-04-15 23:11:50,200 [INFO] IPUIPlugin:80 - create IPUIPlugin
2024-04-15 23:11:50,200 [INFO] PluginManager:220 - loadIPPluginJar : add adc
2024-04-15 23:11:50,207 [INFO] IPUIPlugin:80 - create IPUIPlugin
2024-04-15 23:11:50,207 [INFO] PluginManager:220 - loadIPPluginJar : add aes
2024-04-15 23:11:50,213 [INFO] IPUIPlugin:80 - create IPUIPlugin
2024-04-15 23:11:50,214 [INFO] PluginManager:220 - loadIPPluginJar : add can
2024-04-15 23:11:50,219 [INFO] IPUIPlugin:80 - create IPUIPlugin
2024-04-15 23:11:50,219 [INFO] PluginManager:220 - loadIPPluginJar : add comp
2024-04-15 23:11:50,226 [INFO] IPUIPlugin:80 - create IPUIPlugin
2024-04-15 23:11:50,226 [INFO] PluginManager:220 - loadIPPluginJar : add cryp
2024-04-15 23:11:50,231 [INFO] IPUIPlugin:80 - create IPUIPlugin
2024-04-15 23:11:50,231 [INFO] PluginManager:220 - loadIPPluginJar : add dfsdm
2024-04-15 23:11:50,248 [INFO] IPUIPlugin:80 - create IPUIPlugin
2024-04-15 23:11:50,248 [INFO] PluginManager:220 - loadIPPluginJar : add dma
2024-04-15 23:11:50,253 [INFO] IPUIPlugin:80 - create IPUIPlugin
2024-04-15 23:11:50,254 [INFO] PluginManager:220 - loadIPPluginJar : add dma3
2024-04-15 23:11:50,259 [INFO] IPUIPlugin:80 - create IPUIPlugin
2024-04-15 23:11:50,259 [INFO] PluginManager:220 - loadIPPluginJar : add fatfs
2024-04-15 23:11:50,267 [INFO] IPUIPlugin:80 - create IPUIPlugin
2024-04-15 23:11:50,267 [INFO] PluginManager:220 - loadIPPluginJar : add fmc
2024-04-15 23:11:50,317 [INFO] IPUIPlugin:80 - create IPUIPlugin
2024-04-15 23:11:50,318 [INFO] PluginManager:220 - loadIPPluginJar : add freertos
2024-04-15 23:11:50,321 [INFO] IPUIPlugin:80 - create IPUIPlugin
2024-04-15 23:11:50,321 [INFO] PluginManager:220 - loadIPPluginJar : add genericplugin
2024-04-15 23:11:50,333 [INFO] IPUIPlugin:80 - create IPUIPlugin
2024-04-15 23:11:50,333 [INFO] PluginManager:220 - loadIPPluginJar : add gfxmmu
2024-04-15 23:11:50,347 [INFO] IPUIPlugin:80 - create IPUIPlugin
2024-04-15 23:11:50,347 [INFO] PluginManager:220 - loadIPPluginJar : add gic
2024-04-15 23:11:50,371 [INFO] IPUIPlugin:80 - create IPUIPlugin
2024-04-15 23:11:50,372 [INFO] PluginManager:220 - loadIPPluginJar : add gpio
2024-04-15 23:11:50,381 [INFO] IPUIPlugin:80 - create IPUIPlugin
2024-04-15 23:11:50,382 [INFO] PluginManager:220 - loadIPPluginJar : add gtzc
2024-04-15 23:11:50,388 [INFO] IPUIPlugin:80 - create IPUIPlugin
2024-04-15 23:11:50,389 [INFO] PluginManager:220 - loadIPPluginJar : add hash
2024-04-15 23:11:50,396 [INFO] IPUIPlugin:80 - create IPUIPlugin
2024-04-15 23:11:50,396 [INFO] PluginManager:220 - loadIPPluginJar : add i2c
2024-04-15 23:11:50,402 [INFO] IPUIPlugin:80 - create IPUIPlugin
2024-04-15 23:11:50,402 [INFO] PluginManager:220 - loadIPPluginJar : add i2s
2024-04-15 23:11:50,409 [INFO] IPUIPlugin:80 - create IPUIPlugin
2024-04-15 23:11:50,409 [INFO] PluginManager:220 - loadIPPluginJar : add i3c
2024-04-15 23:11:50,420 [INFO] IPUIPlugin:80 - create IPUIPlugin
2024-04-15 23:11:50,420 [INFO] PluginManager:220 - loadIPPluginJar : add ipddr
2024-04-15 23:11:50,436 [INFO] IPUIPlugin:80 - create IPUIPlugin
2024-04-15 23:11:50,436 [INFO] PluginManager:220 - loadIPPluginJar : add linkedlist
2024-04-15 23:11:50,442 [INFO] IPUIPlugin:80 - create IPUIPlugin
2024-04-15 23:11:50,443 [INFO] PluginManager:220 - loadIPPluginJar : add lorawan
2024-04-15 23:11:50,449 [INFO] IPUIPlugin:80 - create IPUIPlugin
2024-04-15 23:11:50,449 [INFO] PluginManager:220 - loadIPPluginJar : add ltdc
2024-04-15 23:11:50,475 [INFO] IPUIPlugin:80 - create IPUIPlugin
2024-04-15 23:11:50,476 [INFO] PluginManager:220 - loadIPPluginJar : add mdma
2024-04-15 23:11:50,498 [INFO] IPUIPlugin:80 - create IPUIPlugin
2024-04-15 23:11:50,498 [INFO] PluginManager:220 - loadIPPluginJar : add nvic
2024-04-15 23:11:50,506 [INFO] IPUIPlugin:80 - create IPUIPlugin
2024-04-15 23:11:50,506 [INFO] PluginManager:220 - loadIPPluginJar : add opamp
2024-04-15 23:11:50,515 [INFO] IPUIPlugin:80 - create IPUIPlugin
2024-04-15 23:11:50,515 [INFO] PluginManager:220 - loadIPPluginJar : add openamp
2024-04-15 23:11:50,523 [INFO] IPUIPlugin:80 - create IPUIPlugin
2024-04-15 23:11:50,523 [INFO] PluginManager:220 - loadIPPluginJar : add pdm2pcm
2024-04-15 23:11:50,546 [INFO] IPUIPlugin:80 - create IPUIPlugin
2024-04-15 23:11:50,548 [INFO] PluginManager:220 - loadIPPluginJar : add plateformsettings
2024-04-15 23:11:50,552 [INFO] IPUIPlugin:80 - create IPUIPlugin
2024-04-15 23:11:50,552 [INFO] PluginManager:220 - loadIPPluginJar : add quadspi
2024-04-15 23:11:50,611 [INFO] IPUIPlugin:80 - create IPUIPlugin
2024-04-15 23:11:50,611 [INFO] PluginManager:220 - loadIPPluginJar : add resmgrutility
2024-04-15 23:11:50,620 [INFO] IPUIPlugin:80 - create IPUIPlugin
2024-04-15 23:11:50,620 [INFO] PluginManager:220 - loadIPPluginJar : add sai
2024-04-15 23:11:50,625 [INFO] IPUIPlugin:80 - create IPUIPlugin
2024-04-15 23:11:50,626 [INFO] PluginManager:220 - loadIPPluginJar : add spi
2024-04-15 23:11:50,637 [INFO] IPUIPlugin:80 - create IPUIPlugin
2024-04-15 23:11:50,637 [INFO] PluginManager:220 - loadIPPluginJar : add stm32_wpan
2024-04-15 23:11:50,640 [INFO] IPUIPlugin:80 - create IPUIPlugin
2024-04-15 23:11:50,640 [INFO] PluginManager:220 - loadIPPluginJar : add tim
2024-04-15 23:11:50,650 [INFO] IPUIPlugin:80 - create IPUIPlugin
2024-04-15 23:11:50,650 [INFO] PluginManager:220 - loadIPPluginJar : add touchsensing
2024-04-15 23:11:50,654 [INFO] IPUIPlugin:80 - create IPUIPlugin
2024-04-15 23:11:50,654 [INFO] PluginManager:220 - loadIPPluginJar : add tracer_emb
2024-04-15 23:11:50,658 [INFO] IPUIPlugin:80 - create IPUIPlugin
2024-04-15 23:11:50,658 [INFO] PluginManager:220 - loadIPPluginJar : add ts
2024-04-15 23:11:50,662 [INFO] IPUIPlugin:80 - create IPUIPlugin
2024-04-15 23:11:50,662 [INFO] PluginManager:220 - loadIPPluginJar : add tsc
2024-04-15 23:11:50,666 [INFO] IPUIPlugin:80 - create IPUIPlugin
2024-04-15 23:11:50,666 [INFO] PluginManager:220 - loadIPPluginJar : add ucpd
2024-04-15 23:11:50,673 [INFO] IPUIPlugin:80 - create IPUIPlugin
2024-04-15 23:11:50,673 [INFO] PluginManager:220 - loadIPPluginJar : add usart
2024-04-15 23:11:50,679 [INFO] IPUIPlugin:80 - create IPUIPlugin
2024-04-15 23:11:50,680 [INFO] PluginManager:220 - loadIPPluginJar : add usbx
2024-04-15 23:11:50,820 [INFO] CADModel:165 - CPN selected for project level
2024-04-15 23:11:50,820 [INFO] CADModel:114 - Register for checkConnection events
2024-04-15 23:11:50,820 [FATAL] Updater:308 - Updater called before beeing initialized
2024-04-15 23:11:50,821 [ERROR] CADModel:125 - Updater not yet initialized, retry later 
2024-04-15 23:11:51,086 [INFO] CADModel:165 - CPN selected for project level
2024-04-15 23:11:51,086 [INFO] CADModel:114 - Register for checkConnection events
2024-04-15 23:11:51,086 [FATAL] Updater:308 - Updater called before beeing initialized
2024-04-15 23:11:51,087 [ERROR] CADModel:125 - Updater not yet initialized, retry later 
2024-04-15 23:11:51,091 [FATAL] Updater:308 - Updater called before beeing initialized
2024-04-15 23:11:51,249 [FATAL] Updater:308 - Updater called before beeing initialized
2024-04-15 23:11:51,254 [INFO] DbMcusAds:53 - JSON generation date=Wed Nov 29 03:52:27 MST 2023 (1701255147349)
2024-04-15 23:11:51,255 [FATAL] Updater:308 - Updater called before beeing initialized
2024-04-15 23:11:51,321 [WARN] DetailPanel:346 - Failed to get advertising image, set to default
2024-04-15 23:11:51,421 [FATAL] Updater:308 - Updater called before beeing initialized
2024-04-15 23:11:51,424 [FATAL] Updater:308 - Updater called before beeing initialized
2024-04-15 23:11:51,424 [FATAL] Updater:308 - Updater called before beeing initialized
2024-04-15 23:11:51,424 [WARN] DetailPanel:346 - Failed to get advertising image, set to default
2024-04-15 23:11:51,425 [FATAL] Updater:308 - Updater called before beeing initialized
2024-04-15 23:11:51,497 [ERROR] Updater:1120 - MainUpdater not yet initialized. External WinMGr cannot be set.
2024-04-15 23:11:51,501 [INFO] Updater:1056 - Updater Version found : 6.10.0
2024-04-15 23:11:51,529 [INFO] ApplicationProperties:184 - Using Application install path: C:\ST\STM32CubeIDE_1.14.0\STM32CubeIDE\plugins\com.st.stm32cube.common.mx_6.10.0.202311202037
2024-04-15 23:11:52,533 [INFO] ThirdPartyUpdaterWithRetryManager:70 - Updater plugin not ready yet. [2/15]
2024-04-15 23:11:53,121 [ERROR] LogOutputStream:75 - [STDERR_REDIRECT] Apr 15, 2024 11:11:53 PM java.util.prefs.WindowsPreferences <init>
2024-04-15 23:11:53,125 [ERROR] LogOutputStream:75 - [STDERR_REDIRECT] WARNING: Could not open/create prefs root node Software\JavaSoft\Prefs at root 0xffffffff80000002. Windows RegCreateKeyEx(...) returned error code 5.
2024-04-15 23:11:53,126 [ERROR] LogOutputStream:75 - [STDERR_REDIRECT] 
2024-04-15 23:11:54,212 [INFO] MainUpdater:2873 - connection check result : 10
2024-04-15 23:11:54,212 [INFO] MainUpdater:3567 - Updater definition file requires update
2024-04-15 23:11:54,213 [INFO] MainUpdater:290 - Updater Check For Update Now.
2024-04-15 23:11:54,214 [INFO] MicroXplorer:498 - Change Database Version : DB.6.0.100
2024-04-15 23:11:54,224 [INFO] McuFinderGlobals:63 - Set McuFinder mode to 2 (CubeIDE integrated)
2024-04-15 23:11:54,224 [INFO] UserAuth:180 - activating auth plugin
2024-04-15 23:11:54,228 [INFO] UserAuth:404 - Internet connection configuration mode: 1
2024-04-15 23:11:54,257 [INFO] JxBrowserEngine:152 - Initiate JxBrowser Engine with user profile folder
2024-04-15 23:11:54,332 [INFO] ServerAccessManage:473 - Download File updaters.zip
2024-04-15 23:11:54,435 [INFO] FileExtend:240 - Unzip File : updaters.zip
2024-04-15 23:11:54,435 [INFO] FileExtend:255 - Standard Zip Deflate
2024-04-15 23:11:55,535 [WARN] MainUpdater:1194 - Updater busy. Cannot search thirdparties
2024-04-15 23:11:55,536 [INFO] ThirdPartyUpdaterWithRetryManager:96 - Updater plugin is busy. [1/15]
2024-04-15 23:11:56,051 [INFO] ServerAccessManage:473 - Download File PacksControlFlags.xml
2024-04-15 23:11:56,256 [INFO] ServerAccessManage:473 - Download File cubemx.pidx
2024-04-15 23:11:56,943 [INFO] ServerAccessManage:473 - Download File STMicroelectronics.FP-SNS-MOTENVWB1.pdsc
2024-04-15 23:11:57,255 [INFO] WebApp:161 - Instantiating new browser for Auth
2024-04-15 23:11:57,457 [INFO] ServerAccessManage:473 - Download File STMicroelectronics.X-CUBE-AI.pdsc
2024-04-15 23:11:58,130 [INFO] WebApp:780 - Register for checkConnection events
2024-04-15 23:11:58,130 [INFO] WebApp:414 - Apply proxy settings
2024-04-15 23:11:58,130 [INFO] WebApp:499 - Chromium requires no authentication
2024-04-15 23:11:58,141 [INFO] WebApp:442 - Direct internet connection detected
2024-04-15 23:11:58,372 [INFO] WebApp:192 - Starting web application
2024-04-15 23:11:58,372 [INFO] WebApp:544 - Web application path used C:\ST\STM32CubeIDE_1.14.0\STM32CubeIDE\plugins\com.st.stm32cube.common.mx_6.10.0.202311202037\db\plugins\mcufinder\reactClient1\index.html
2024-04-15 23:11:58,537 [WARN] MainUpdater:1194 - Updater busy. Cannot search thirdparties
2024-04-15 23:11:58,537 [INFO] ThirdPartyUpdaterWithRetryManager:96 - Updater plugin is busy. [2/15]
2024-04-15 23:12:01,538 [WARN] MainUpdater:1194 - Updater busy. Cannot search thirdparties
2024-04-15 23:12:01,538 [INFO] ThirdPartyUpdaterWithRetryManager:96 - Updater plugin is busy. [3/15]
2024-04-15 23:12:02,413 [INFO] ServerAccessManage:473 - Download File STMicroelectronics.X-CUBE-TCPP.pdsc
2024-04-15 23:12:03,017 [INFO] ServerAccessManage:473 - Download File STMicroelectronics.X-CUBE-AZRTOS-H7RS.pdsc
2024-04-15 23:12:03,720 [WARN] PackLoader:240 - Cannot read IP mode file for STMicroelectronics.FP-SNS-MOTENVWB1.1.4.0
2024-04-15 23:12:03,733 [WARN] PackLoader:240 - Cannot read IP mode file for STMicroelectronics.X-CUBE-AI.9.0.0
2024-04-15 23:12:03,752 [WARN] PackLoader:240 - Cannot read IP mode file for STMicroelectronics.X-CUBE-TCPP.4.1.0
2024-04-15 23:12:03,814 [WARN] PackLoader:240 - Cannot read IP mode file for STMicroelectronics.X-CUBE-AZRTOS-H7RS.1.0.0
2024-04-15 23:12:03,825 [INFO] PopulateThirdPartyThread:66 - Ending populate Thread
2024-04-15 23:12:03,827 [INFO] ThirdParty:1030 - CMSIS Pack Vendor :STMicroelectronics FP-SNS-MOTENVWB1 1.4.0
2024-04-15 23:12:03,827 [INFO] ThirdParty:1030 - CMSIS Pack Vendor :STMicroelectronics X-CUBE-AI 9.0.0
2024-04-15 23:12:03,827 [INFO] ThirdParty:1030 - CMSIS Pack Vendor :STMicroelectronics X-CUBE-TCPP 4.1.0
2024-04-15 23:12:03,827 [INFO] ThirdParty:1030 - CMSIS Pack Vendor :STMicroelectronics X-CUBE-AZRTOS-H7RS 1.0.0
2024-04-15 23:12:03,827 [INFO] LoadServerUpdatesThread:375 - End of LoadServerUpdate Thread
2024-04-15 23:12:03,887 [INFO] CheckServerUpdateThread:120 - End of CheckServer Thread
2024-04-15 23:12:04,751 [WARN] PackLoader:240 - Cannot read IP mode file for STMicroelectronics.FP-SNS-MOTENVWB1.1.4.0
2024-04-15 23:12:04,757 [WARN] PackLoader:240 - Cannot read IP mode file for STMicroelectronics.X-CUBE-SMBUS.2.1.0
2024-04-15 23:12:04,766 [WARN] PackLoader:240 - Cannot read IP mode file for STMicroelectronics.X-CUBE-TOUCHGFX.4.23.1
2024-04-15 23:12:04,770 [WARN] PackLoader:240 - Cannot read IP mode file for STMicroelectronics.X-CUBE-TOUCHGFX.4.23.0
2024-04-15 23:12:04,776 [WARN] PackLoader:240 - Cannot read IP mode file for STMicroelectronics.X-CUBE-TOUCHGFX.4.23.2
2024-04-15 23:12:04,810 [WARN] PackLoader:240 - Cannot read IP mode file for STMicroelectronics.X-CUBE-AZRTOS-F7.1.1.0
2024-04-15 23:12:04,828 [WARN] PackLoader:240 - Cannot read IP mode file for STMicroelectronics.FP-SNS-MOTENV1.4.3.2
2024-04-15 23:12:04,840 [WARN] PackLoader:240 - Cannot read IP mode file for STMicroelectronics.FP-SNS-FLIGHT1.5.0.2
2024-04-15 23:12:04,852 [WARN] PackLoader:240 - Cannot read IP mode file for STMicroelectronics.X-CUBE-DISPLAY.3.0.0
2024-04-15 23:12:04,871 [WARN] PackLoader:240 - Cannot read IP mode file for STMicroelectronics.X-CUBE-BLE1.7.0.0
2024-04-15 23:12:04,882 [WARN] PackLoader:240 - Cannot read IP mode file for emotas.I-CUBE-CANOPEN.1.3.0
2024-04-15 23:12:04,899 [WARN] PackLoader:240 - Cannot read IP mode file for STMicroelectronics.X-CUBE-BLEMGR.3.1.0
2024-04-15 23:12:04,915 [WARN] PackLoader:240 - Cannot read IP mode file for STMicroelectronics.FP-SNS-SMARTAG2.1.2.0
2024-04-15 23:12:04,937 [INFO] LogOutputStream:77 - [STDOUT_REDIRECT] 1 : Invalid condition id : UX_CORESTACK_Condition cause : null
2024-04-15 23:12:04,938 [INFO] LogOutputStream:77 - [STDOUT_REDIRECT] 1 : Invalid condition id : UX_CORESTACK_Condition cause : null
2024-04-15 23:12:04,940 [INFO] LogOutputStream:77 - [STDOUT_REDIRECT] 1 : Invalid condition id : UX_CORESTACK_Condition cause : null
2024-04-15 23:12:04,943 [INFO] LogOutputStream:77 - [STDOUT_REDIRECT] 1 : Invalid condition id : UX_CORESTACK_Condition cause : null
2024-04-15 23:12:04,945 [INFO] LogOutputStream:77 - [STDOUT_REDIRECT] 1 : Invalid condition id : UX_CORESTACK_Condition cause : null
2024-04-15 23:12:04,953 [WARN] PackLoader:240 - Cannot read IP mode file for STMicroelectronics.X-CUBE-AZRTOS-WL.2.0.0
2024-04-15 23:12:04,964 [WARN] PackLoader:240 - Cannot read IP mode file for STMicroelectronics.FP-SNS-MOTENV1.5.0.0
2024-04-15 23:12:04,978 [WARN] PackLoader:240 - Cannot read IP mode file for WES.I-CUBE-Cesium.1.3.0
2024-04-15 23:12:04,988 [WARN] PackLoader:240 - Cannot read IP mode file for STMicroelectronics.X-CUBE-BLE2.3.3.0
2024-04-15 23:12:04,995 [WARN] PackLoader:240 - Cannot read IP mode file for STMicroelectronics.X-CUBE-TCPP.4.1.0
2024-04-15 23:12:05,009 [WARN] PackLoader:240 - Cannot read IP mode file for STMicroelectronics.X-CUBE-ALGOBUILD.1.3.0
2024-04-15 23:12:05,054 [WARN] PackLoader:240 - Cannot read IP mode file for STMicroelectronics.X-CUBE-AZRTOS-G0.1.1.0
2024-04-15 23:12:05,073 [WARN] PackLoader:240 - Cannot read IP mode file for STMicroelectronics.X-CUBE-SAFEA1.1.2.2
2024-04-15 23:12:05,088 [WARN] PackLoader:240 - Cannot read IP mode file for STMicroelectronics.X-CUBE-NFC4.3.0.0
2024-04-15 23:12:05,106 [WARN] PackLoader:240 - Cannot read IP mode file for STMicroelectronics.X-CUBE-BLEMGR.3.0.0
2024-04-15 23:12:05,118 [WARN] PackLoader:240 - Cannot read IP mode file for STMicroelectronics.FP-ATR-SIGFOX1.3.2.0
2024-04-15 23:12:05,129 [WARN] PackLoader:240 - Cannot read IP mode file for STMicroelectronics.X-CUBE-EEPRMA1.5.1.0
2024-04-15 23:12:05,193 [WARN] PackLoader:240 - Cannot read IP mode file for SEGGER.I-CUBE-embOS.1.3.1
2024-04-15 23:12:05,280 [WARN] PackLoader:240 - Cannot read IP mode file for STMicroelectronics.X-CUBE-GNSS1.6.0.0
2024-04-15 23:12:05,318 [WARN] PackLoader:240 - Cannot read IP mode file for STMicroelectronics.X-CUBE-AZRTOS-F4.1.1.0
2024-04-15 23:12:05,329 [WARN] PackLoader:240 - Cannot read IP mode file for wolfSSL.I-CUBE-wolfSSL.5.6.6
2024-04-15 23:12:05,361 [WARN] PackLoader:240 - Cannot read IP mode file for STMicroelectronics.X-CUBE-AZRTOS-L5.2.0.0
2024-04-15 23:12:05,375 [WARN] PackLoader:240 - Cannot read IP mode file for STMicroelectronics.X-CUBE-EEPRMA1.4.2.0
2024-04-15 23:12:05,391 [WARN] PackLoader:240 - Cannot read IP mode file for STMicroelectronics.X-CUBE-NFC6.3.1.0
2024-04-15 23:12:05,404 [WARN] PackLoader:240 - Cannot read IP mode file for ITTIA_DB.I-CUBE-ITTIADB.8.8.0
2024-04-15 23:12:05,410 [WARN] PackLoader:240 - Cannot read IP mode file for STMicroelectronics.X-CUBE-AI.9.0.0
2024-04-15 23:12:05,421 [WARN] PackLoader:240 - Cannot read IP mode file for STMicroelectronics.X-CUBE-NFC7.1.0.1
2024-04-15 23:12:05,432 [WARN] PackLoader:240 - Cannot read IP mode file for STMicroelectronics.X-CUBE-NFC6.3.0.0
2024-04-15 23:12:05,441 [WARN] PackLoader:240 - Cannot read IP mode file for STMicroelectronics.X-CUBE-AI.8.1.0
2024-04-15 23:12:05,473 [WARN] ConditionMgr:438 - getConditionDescription Invalid condition id : LAN8742 Phy interface Condition cause : null
2024-04-15 23:12:05,474 [WARN] PackLoader:240 - Cannot read IP mode file for STMicroelectronics.X-CUBE-AZRTOS-L4.2.0.0
2024-04-15 23:12:05,477 [WARN] ConditionMgr:1039 - genDependencies : Invalid condition id : LAN8742 Phy interface Condition cause : null
2024-04-15 23:12:05,478 [WARN] ConditionMgr:1039 - genDependencies : Invalid condition id : LAN8742 Phy interface Condition cause : null
2024-04-15 23:12:05,478 [WARN] ConditionMgr:1039 - genDependencies : Invalid condition id : LAN8742 Phy interface Condition cause : null
2024-04-15 23:12:05,490 [WARN] PackLoader:240 - Cannot read IP mode file for STMicroelectronics.X-CUBE-SFXS2LP1.4.0.0
2024-04-15 23:12:05,515 [WARN] ConditionMgr:438 - getConditionDescription Invalid condition id : UX DEVICE CLASS RTOS Condition cause : null
2024-04-15 23:12:05,516 [WARN] ConditionMgr:438 - getConditionDescription Invalid condition id : UX DEVICE CLASS RTOS Condition cause : null
2024-04-15 23:12:05,519 [WARN] PackLoader:240 - Cannot read IP mode file for STMicroelectronics.X-CUBE-AZRTOS-WB.2.0.0
2024-04-15 23:12:05,520 [WARN] ConditionMgr:1039 - genDependencies : Invalid condition id : UX DEVICE CLASS RTOS Condition cause : null
2024-04-15 23:12:05,520 [WARN] ConditionMgr:1039 - genDependencies : Invalid condition id : UX DEVICE CLASS RTOS Condition cause : null
2024-04-15 23:12:05,521 [WARN] ConditionMgr:1039 - genDependencies : Invalid condition id : UX DEVICE CLASS RTOS Condition cause : null
2024-04-15 23:12:05,521 [WARN] ConditionMgr:1039 - genDependencies : Invalid condition id : UX DEVICE CLASS RTOS Condition cause : null
2024-04-15 23:12:05,521 [WARN] ConditionMgr:1039 - genDependencies : Invalid condition id : UX DEVICE CLASS RTOS Condition cause : null
2024-04-15 23:12:05,541 [WARN] PackLoader:240 - Cannot read IP mode file for STMicroelectronics.X-CUBE-SUBG2.5.0.0
2024-04-15 23:12:05,571 [WARN] PackLoader:240 - Cannot read IP mode file for STMicroelectronics.X-CUBE-AZRTOS-G4.2.0.0
2024-04-15 23:12:05,592 [WARN] PackLoader:240 - Cannot read IP mode file for Infineon.AIROC-Wi-Fi-Bluetooth-STM32.1.5.1
2024-04-15 23:12:05,602 [WARN] PackLoader:240 - Cannot read IP mode file for STMicroelectronics.FP-SNS-MOTENVWB1.1.3.1
2024-04-15 23:12:05,662 [WARN] PackLoader:240 - Cannot read IP mode file for STMicroelectronics.X-CUBE-MEMS1.10.0.0
2024-04-15 23:12:05,795 [WARN] PackLoader:240 - Cannot read IP mode file for STMicroelectronics.X-CUBE-FREERTOS.1.1.0
2024-04-15 23:12:05,804 [WARN] PackLoader:240 - Cannot read IP mode file for portGmbH.I-Cube-SoM-uGOAL.1.1.0
2024-04-15 23:12:05,811 [WARN] PackLoader:240 - Cannot read IP mode file for STMicroelectronics.X-CUBE-ALS.1.0.1
2024-04-15 23:12:05,827 [WARN] PackLoader:240 - Cannot read IP mode file for STMicroelectronics.X-CUBE-AZRTOS-H7RS.1.0.0
2024-04-15 23:12:05,836 [WARN] PackLoader:240 - Cannot read IP mode file for STMicroelectronics.FP-ATR-ASTRA1.2.0.0
2024-04-15 23:12:05,854 [WARN] PackLoader:240 - Cannot read IP mode file for STMicroelectronics.X-CUBE-TOF1.3.4.0
2024-04-15 23:12:05,884 [WARN] PackLoader:240 - Cannot read IP mode file for STMicroelectronics.X-CUBE-TOF1.3.4.1
2024-04-15 23:12:05,927 [WARN] PackLoader:240 - Cannot read IP mode file for STMicroelectronics.X-CUBE-AZRTOS-H7.3.2.0
2024-04-15 23:12:05,931 [INFO] ThirdParty:978 - Integrity check success = true
2024-04-15 23:12:05,932 [INFO] IntegrityCheckThread:100 - exiting critical section [integrity check]
2024-04-15 23:12:05,932 [INFO] IntegrityCheckThread:103 - End integrity checks thread
2024-04-15 23:12:19,552 [ERROR] LogOutputStream:75 - [STDERR_REDIRECT] SLF4J: Failed to load class "org.slf4j.impl.StaticLoggerBinder".
2024-04-15 23:12:19,554 [ERROR] LogOutputStream:75 - [STDERR_REDIRECT] SLF4J: Defaulting to no-operation (NOP) logger implementation
2024-04-15 23:12:19,556 [ERROR] LogOutputStream:75 - [STDERR_REDIRECT] SLF4J: See http://www.slf4j.org/codes.html#StaticLoggerBinder for further details.
2024-04-15 23:20:53,391 [INFO] LogOutputStream:77 - [STDOUT_REDIRECT] StartTraceHandler.execute(), success : Collect=false
2024-04-15 23:20:57,120 [INFO] LogOutputStream:77 - [STDOUT_REDIRECT] StartTraceHandler.execute(), success : Collect=true
2024-04-15 23:38:21,903 [INFO] LogOutputStream:77 - [STDOUT_REDIRECT] StartTraceHandler.execute(), success : Collect=false
2024-04-15 23:38:28,037 [INFO] LogOutputStream:77 - [STDOUT_REDIRECT] StartTraceHandler.execute(), success : Collect=true
2024-04-15 23:40:20,135 [INFO] Activator:176 - 


2024-04-15 23:40:20,139 [INFO] Activator:177 - !SESSION log4j initialized
2024-04-15 23:40:27,609 [INFO] LogOutputStream:77 - [STDOUT_REDIRECT] 
2024-04-15 23:40:28,800 [INFO] ApplicationProperties:184 - Using Application install path: C:\ST\STM32CubeIDE_1.14.0\STM32CubeIDE\plugins\com.st.stm32cube.common.mx_6.10.0.202311202037
2024-04-15 23:40:28,839 [INFO] DbMcusXml:78 - Set database path to: C:\ST\STM32CubeIDE_1.14.0\STM32CubeIDE\plugins\com.st.stm32cube.common.mx_6.10.0.202311202037\\db\/mcu/
2024-04-15 23:40:28,841 [INFO] ApiDb:274 - Set plugin database path to: C:\ST\STM32CubeIDE_1.14.0\STM32CubeIDE\plugins\com.st.stm32cube.common.mx_6.10.0.202311202037\\db\/plugins/boardmanager/
2024-04-15 23:40:28,842 [WARN] ApiDb:259 - Overriding images path with different value:  => C:\ST\STM32CubeIDE_1.14.0\STM32CubeIDE\plugins\com.st.stm32cube.common.mx_6.10.0.202311202037\\db\/plugins/mcufinder/images/
2024-04-15 23:40:28,854 [INFO] ApiDb:250 - Set database path to: C:\Users\johns\.stmcufinder\plugins\mcufinder//mcu/
2024-04-15 23:40:28,858 [INFO] DbMcusAds:125 - Set database path to: C:\Users\johns\.stmcufinder\plugins\mcufinder//mcu/
2024-04-15 23:40:28,862 [INFO] CrossReferenceDbSqlite:203 - Set database path to: C:\Users\johns\.stmcufinder\plugins\mcufinder//mcu/cs/
2024-04-15 23:40:29,145 [INFO] RulesReader:64 - Compatibility file has been processed (297 Rules)
2024-04-15 23:40:29,402 [INFO] DbMcusXml:78 - Set database path to: C:\ST\STM32CubeIDE_1.14.0\STM32CubeIDE\plugins\com.st.stm32cube.common.mx_6.10.0.202311202037\\db\/mcu/
2024-04-15 23:40:29,402 [INFO] ApiDb:274 - Set plugin database path to: C:\ST\STM32CubeIDE_1.14.0\STM32CubeIDE\plugins\com.st.stm32cube.common.mx_6.10.0.202311202037\\db\/plugins/boardmanager/
2024-04-15 23:40:29,403 [INFO] ApiDb:261 - Set plugin images path to: C:\ST\STM32CubeIDE_1.14.0\STM32CubeIDE\plugins\com.st.stm32cube.common.mx_6.10.0.202311202037\\db\/plugins/mcufinder/images/
2024-04-15 23:40:29,404 [WARN] DbFile:41 - Overriding database path with different value: C:\Users\johns\.stmcufinder\plugins\mcufinder/ => C:\Users\johns\.stmcufinder\plugins\mcufinder
2024-04-15 23:40:29,404 [INFO] ApiDb:250 - Set database path to: C:\Users\johns\.stmcufinder\plugins\mcufinder//mcu/
2024-04-15 23:40:29,404 [WARN] DbFile:41 - Overriding database path with different value: C:\Users\johns\.stmcufinder\plugins\mcufinder/ => C:\Users\johns\.stmcufinder\plugins\mcufinder
2024-04-15 23:40:29,405 [INFO] DbMcusAds:125 - Set database path to: C:\Users\johns\.stmcufinder\plugins\mcufinder//mcu/
2024-04-15 23:40:29,405 [WARN] DbFile:41 - Overriding database path with different value: C:\Users\johns\.stmcufinder\plugins\mcufinder/ => C:\Users\johns\.stmcufinder\plugins\mcufinder
2024-04-15 23:40:29,405 [WARN] DbFile:41 - Overriding database path with different value: C:\Users\johns\.stmcufinder\plugins\mcufinder/ => C:\Users\johns\.stmcufinder\plugins\mcufinder
2024-04-15 23:40:29,405 [INFO] CrossReferenceDbSqlite:203 - Set database path to: C:\Users\johns\.stmcufinder\plugins\mcufinder//mcu/cs/
2024-04-15 23:40:29,630 [INFO] MainPanel:264 - HeapMemory: 268435456
2024-04-15 23:40:29,812 [INFO] DbMcusXml:78 - Set database path to: C:\ST\STM32CubeIDE_1.14.0\STM32CubeIDE\plugins\com.st.stm32cube.common.mx_6.10.0.202311202037\\db\/mcu/
2024-04-15 23:40:29,812 [INFO] ApiDb:274 - Set plugin database path to: C:\ST\STM32CubeIDE_1.14.0\STM32CubeIDE\plugins\com.st.stm32cube.common.mx_6.10.0.202311202037\\db\/plugins/boardmanager/
2024-04-15 23:40:29,812 [INFO] ApiDb:261 - Set plugin images path to: C:\ST\STM32CubeIDE_1.14.0\STM32CubeIDE\plugins\com.st.stm32cube.common.mx_6.10.0.202311202037\\db\/plugins/mcufinder/images/
2024-04-15 23:40:29,813 [WARN] DbFile:41 - Overriding database path with different value: C:\Users\johns\.stmcufinder\plugins\mcufinder/ => C:\Users\johns\.stmcufinder\plugins\mcufinder
2024-04-15 23:40:29,813 [INFO] ApiDb:250 - Set database path to: C:\Users\johns\.stmcufinder\plugins\mcufinder//mcu/
2024-04-15 23:40:29,813 [WARN] DbFile:41 - Overriding database path with different value: C:\Users\johns\.stmcufinder\plugins\mcufinder/ => C:\Users\johns\.stmcufinder\plugins\mcufinder
2024-04-15 23:40:29,813 [INFO] DbMcusAds:125 - Set database path to: C:\Users\johns\.stmcufinder\plugins\mcufinder//mcu/
2024-04-15 23:40:29,813 [WARN] DbFile:41 - Overriding database path with different value: C:\Users\johns\.stmcufinder\plugins\mcufinder/ => C:\Users\johns\.stmcufinder\plugins\mcufinder
2024-04-15 23:40:29,813 [WARN] DbFile:41 - Overriding database path with different value: C:\Users\johns\.stmcufinder\plugins\mcufinder/ => C:\Users\johns\.stmcufinder\plugins\mcufinder
2024-04-15 23:40:29,813 [INFO] CrossReferenceDbSqlite:203 - Set database path to: C:\Users\johns\.stmcufinder\plugins\mcufinder//mcu/cs/
2024-04-15 23:40:29,844 [INFO] ApplicationProperties:184 - Using Application install path: C:\ST\STM32CubeIDE_1.14.0\STM32CubeIDE\plugins\com.st.stm32cube.common.mx_6.10.0.202311202037
2024-04-15 23:40:29,847 [INFO] PluginManage:196 - Search for loadable plugins [exclusion list=, ]
2024-04-15 23:40:29,849 [INFO] PluginManage:310 - Check plugin analytics
2024-04-15 23:40:30,137 [INFO] AnalyticsPlugin:253 - Accepted Software Licenses: 
2024-04-15 23:40:30,137 [INFO] AnalyticsPlugin:255 - Accepted CMSIS Pack Licenses: 
2024-04-15 23:40:30,138 [INFO] AnalyticsPlugin:257 - Accepted Firmware Licenses: FW.F4.1.28.0
2024-04-15 23:40:30,142 [INFO] PluginManage:359 - Loaded plugin analytics (category:tool,tabindex:-1)
2024-04-15 23:40:30,143 [INFO] PluginManage:310 - Check plugin cadmodel
2024-04-15 23:40:30,154 [INFO] CADModel:105 - Init CAD model plugin
2024-04-15 23:40:30,155 [INFO] PluginManage:359 - Loaded plugin cadmodel (category:power,tabindex:5)
2024-04-15 23:40:30,155 [INFO] PluginManage:310 - Check plugin clock
2024-04-15 23:40:30,177 [INFO] PluginManage:359 - Loaded plugin clock (category:base,tabindex:2)
2024-04-15 23:40:30,177 [INFO] PluginManage:310 - Check plugin ddr
2024-04-15 23:40:30,182 [INFO] PluginManage:359 - Loaded plugin ddr (category:tool,tabindex:6)
2024-04-15 23:40:30,182 [INFO] PluginManage:310 - Check plugin filemanager
2024-04-15 23:40:30,441 [INFO] PluginManage:359 - Loaded plugin filemanager (category:base,tabindex:10)
2024-04-15 23:40:30,442 [INFO] PluginManage:310 - Check plugin ipmanager
2024-04-15 23:40:30,455 [INFO] PluginManage:359 - Loaded plugin ipmanager (category:base,tabindex:5)
2024-04-15 23:40:30,456 [INFO] PluginManage:310 - Check plugin lpbam
2024-04-15 23:40:30,468 [INFO] PluginManage:359 - Loaded plugin lpbam (category:base,tabindex:0)
2024-04-15 23:40:30,468 [INFO] PluginManage:310 - Check plugin memorymap
2024-04-15 23:40:30,492 [INFO] PluginManage:359 - Loaded plugin memorymap (category:base,tabindex:4)
2024-04-15 23:40:30,492 [INFO] PluginManage:310 - Check plugin pinoutandconfiguration
2024-04-15 23:40:30,505 [INFO] PluginManage:359 - Loaded plugin pinoutandconfiguration (category:base,tabindex:1)
2024-04-15 23:40:30,505 [INFO] PluginManage:310 - Check plugin pinoutconfig
2024-04-15 23:40:30,648 [WARN] SupportedApi:132 - Cannot load RTOS API schema: s4s-elt-must-match.1: The content of 'definitions' must match (annotation?, (simpleType | complexType)?, (unique | key | keyref)*)). A problem was found starting at: attribute.
2024-04-15 23:40:30,900 [INFO] PluginManage:359 - Loaded plugin pinoutconfig (category:base,tabindex:0)
2024-04-15 23:40:30,901 [INFO] PluginManage:310 - Check plugin power
2024-04-15 23:40:30,921 [INFO] PluginManage:359 - Loaded plugin power (category:power,tabindex:4)
2024-04-15 23:40:30,923 [INFO] PluginManage:310 - Check plugin projectmanager
2024-04-15 23:40:30,945 [INFO] PluginManage:359 - Loaded plugin projectmanager (category:projectmanager,tabindex:3)
2024-04-15 23:40:30,945 [INFO] PluginManage:310 - Check plugin thirdparty
2024-04-15 23:40:31,123 [INFO] PluginManage:359 - Loaded plugin thirdparty (category:base,tabindex:-1)
2024-04-15 23:40:31,123 [WARN] IntegrityCheckThread:84 - waiting for thirdparty lock release [integrity check]
2024-04-15 23:40:31,124 [INFO] PluginManage:310 - Check plugin tools
2024-04-15 23:40:31,124 [INFO] IntegrityCheckThread:86 - entering critical section [integrity check]
2024-04-15 23:40:31,124 [INFO] ThirdPartyUpdaterWithRetryManager:70 - Updater plugin not ready yet. [1/15]
2024-04-15 23:40:31,128 [INFO] PluginManage:359 - Loaded plugin tools (category:base,tabindex:7)
2024-04-15 23:40:31,128 [INFO] PluginManage:310 - Check plugin tutovideos
2024-04-15 23:40:31,385 [INFO] PluginManage:359 - Loaded plugin tutovideos (category:base,tabindex:-1)
2024-04-15 23:40:31,385 [INFO] PluginManage:310 - Check plugin updater
2024-04-15 23:40:31,400 [INFO] PluginManage:359 - Loaded plugin updater (category:base,tabindex:12)
2024-04-15 23:40:31,400 [INFO] PluginManage:310 - Check plugin userauth
2024-04-15 23:40:31,408 [INFO] UserAuth:114 - Init User Auth plugin
2024-04-15 23:40:31,408 [INFO] PluginManage:359 - Loaded plugin userauth (category:base,tabindex:14)
2024-04-15 23:40:31,408 [INFO] PluginManage:283 - PluginManage : Loaded plugins [17]
2024-04-15 23:40:31,722 [INFO] PinOutPanel:1499 - setPackage(No Configuration,No Configuration)
2024-04-15 23:40:31,833 [INFO] CADModel:165 - CPN selected for project level
2024-04-15 23:40:31,834 [INFO] CADModel:114 - Register for checkConnection events
2024-04-15 23:40:31,859 [INFO] IPUIPlugin:80 - create IPUIPlugin
2024-04-15 23:40:31,859 [INFO] PluginManager:220 - loadIPPluginJar : add adc
2024-04-15 23:40:31,863 [INFO] IPUIPlugin:80 - create IPUIPlugin
2024-04-15 23:40:31,863 [INFO] PluginManager:220 - loadIPPluginJar : add aes
2024-04-15 23:40:31,866 [INFO] IPUIPlugin:80 - create IPUIPlugin
2024-04-15 23:40:31,866 [INFO] PluginManager:220 - loadIPPluginJar : add can
2024-04-15 23:40:31,869 [INFO] IPUIPlugin:80 - create IPUIPlugin
2024-04-15 23:40:31,869 [INFO] PluginManager:220 - loadIPPluginJar : add comp
2024-04-15 23:40:31,873 [INFO] IPUIPlugin:80 - create IPUIPlugin
2024-04-15 23:40:31,874 [INFO] PluginManager:220 - loadIPPluginJar : add cryp
2024-04-15 23:40:31,876 [INFO] IPUIPlugin:80 - create IPUIPlugin
2024-04-15 23:40:31,877 [INFO] PluginManager:220 - loadIPPluginJar : add dfsdm
2024-04-15 23:40:31,885 [INFO] IPUIPlugin:80 - create IPUIPlugin
2024-04-15 23:40:31,885 [INFO] PluginManager:220 - loadIPPluginJar : add dma
2024-04-15 23:40:31,888 [INFO] IPUIPlugin:80 - create IPUIPlugin
2024-04-15 23:40:31,889 [INFO] PluginManager:220 - loadIPPluginJar : add dma3
2024-04-15 23:40:31,891 [INFO] IPUIPlugin:80 - create IPUIPlugin
2024-04-15 23:40:31,892 [INFO] PluginManager:220 - loadIPPluginJar : add fatfs
2024-04-15 23:40:31,897 [INFO] IPUIPlugin:80 - create IPUIPlugin
2024-04-15 23:40:31,898 [INFO] PluginManager:220 - loadIPPluginJar : add fmc
2024-04-15 23:40:31,906 [INFO] IPUIPlugin:80 - create IPUIPlugin
2024-04-15 23:40:31,907 [INFO] PluginManager:220 - loadIPPluginJar : add freertos
2024-04-15 23:40:31,909 [INFO] IPUIPlugin:80 - create IPUIPlugin
2024-04-15 23:40:31,909 [INFO] PluginManager:220 - loadIPPluginJar : add genericplugin
2024-04-15 23:40:31,912 [INFO] IPUIPlugin:80 - create IPUIPlugin
2024-04-15 23:40:31,912 [INFO] PluginManager:220 - loadIPPluginJar : add gfxmmu
2024-04-15 23:40:31,918 [INFO] IPUIPlugin:80 - create IPUIPlugin
2024-04-15 23:40:31,919 [INFO] PluginManager:220 - loadIPPluginJar : add gic
2024-04-15 23:40:31,926 [INFO] IPUIPlugin:80 - create IPUIPlugin
2024-04-15 23:40:31,926 [INFO] PluginManager:220 - loadIPPluginJar : add gpio
2024-04-15 23:40:31,930 [INFO] IPUIPlugin:80 - create IPUIPlugin
2024-04-15 23:40:31,930 [INFO] PluginManager:220 - loadIPPluginJar : add gtzc
2024-04-15 23:40:31,933 [INFO] IPUIPlugin:80 - create IPUIPlugin
2024-04-15 23:40:31,934 [INFO] PluginManager:220 - loadIPPluginJar : add hash
2024-04-15 23:40:31,937 [INFO] IPUIPlugin:80 - create IPUIPlugin
2024-04-15 23:40:31,937 [INFO] PluginManager:220 - loadIPPluginJar : add i2c
2024-04-15 23:40:31,940 [INFO] IPUIPlugin:80 - create IPUIPlugin
2024-04-15 23:40:31,940 [INFO] PluginManager:220 - loadIPPluginJar : add i2s
2024-04-15 23:40:31,944 [INFO] IPUIPlugin:80 - create IPUIPlugin
2024-04-15 23:40:31,944 [INFO] PluginManager:220 - loadIPPluginJar : add i3c
2024-04-15 23:40:31,947 [INFO] IPUIPlugin:80 - create IPUIPlugin
2024-04-15 23:40:31,948 [INFO] PluginManager:220 - loadIPPluginJar : add ipddr
2024-04-15 23:40:31,956 [INFO] IPUIPlugin:80 - create IPUIPlugin
2024-04-15 23:40:31,957 [INFO] PluginManager:220 - loadIPPluginJar : add linkedlist
2024-04-15 23:40:31,960 [INFO] IPUIPlugin:80 - create IPUIPlugin
2024-04-15 23:40:31,960 [INFO] PluginManager:220 - loadIPPluginJar : add lorawan
2024-04-15 23:40:31,962 [INFO] IPUIPlugin:80 - create IPUIPlugin
2024-04-15 23:40:31,962 [INFO] PluginManager:220 - loadIPPluginJar : add ltdc
2024-04-15 23:40:31,969 [INFO] IPUIPlugin:80 - create IPUIPlugin
2024-04-15 23:40:31,969 [INFO] PluginManager:220 - loadIPPluginJar : add mdma
2024-04-15 23:40:31,974 [INFO] IPUIPlugin:80 - create IPUIPlugin
2024-04-15 23:40:31,974 [INFO] PluginManager:220 - loadIPPluginJar : add nvic
2024-04-15 23:40:31,977 [INFO] IPUIPlugin:80 - create IPUIPlugin
2024-04-15 23:40:31,977 [INFO] PluginManager:220 - loadIPPluginJar : add opamp
2024-04-15 23:40:31,981 [INFO] IPUIPlugin:80 - create IPUIPlugin
2024-04-15 23:40:31,981 [INFO] PluginManager:220 - loadIPPluginJar : add openamp
2024-04-15 23:40:31,984 [INFO] IPUIPlugin:80 - create IPUIPlugin
2024-04-15 23:40:31,984 [INFO] PluginManager:220 - loadIPPluginJar : add pdm2pcm
2024-04-15 23:40:31,992 [INFO] IPUIPlugin:80 - create IPUIPlugin
2024-04-15 23:40:31,994 [INFO] PluginManager:220 - loadIPPluginJar : add plateformsettings
2024-04-15 23:40:31,996 [INFO] IPUIPlugin:80 - create IPUIPlugin
2024-04-15 23:40:31,996 [INFO] PluginManager:220 - loadIPPluginJar : add quadspi
2024-04-15 23:40:32,002 [INFO] IPUIPlugin:80 - create IPUIPlugin
2024-04-15 23:40:32,002 [INFO] PluginManager:220 - loadIPPluginJar : add resmgrutility
2024-04-15 23:40:32,005 [INFO] IPUIPlugin:80 - create IPUIPlugin
2024-04-15 23:40:32,005 [INFO] PluginManager:220 - loadIPPluginJar : add sai
2024-04-15 23:40:32,008 [INFO] IPUIPlugin:80 - create IPUIPlugin
2024-04-15 23:40:32,008 [INFO] PluginManager:220 - loadIPPluginJar : add spi
2024-04-15 23:40:32,014 [INFO] IPUIPlugin:80 - create IPUIPlugin
2024-04-15 23:40:32,014 [INFO] PluginManager:220 - loadIPPluginJar : add stm32_wpan
2024-04-15 23:40:32,016 [INFO] IPUIPlugin:80 - create IPUIPlugin
2024-04-15 23:40:32,016 [INFO] PluginManager:220 - loadIPPluginJar : add tim
2024-04-15 23:40:32,020 [INFO] IPUIPlugin:80 - create IPUIPlugin
2024-04-15 23:40:32,020 [INFO] PluginManager:220 - loadIPPluginJar : add touchsensing
2024-04-15 23:40:32,022 [INFO] IPUIPlugin:80 - create IPUIPlugin
2024-04-15 23:40:32,022 [INFO] PluginManager:220 - loadIPPluginJar : add tracer_emb
2024-04-15 23:40:32,025 [INFO] IPUIPlugin:80 - create IPUIPlugin
2024-04-15 23:40:32,025 [INFO] PluginManager:220 - loadIPPluginJar : add ts
2024-04-15 23:40:32,026 [INFO] IPUIPlugin:80 - create IPUIPlugin
2024-04-15 23:40:32,027 [INFO] PluginManager:220 - loadIPPluginJar : add tsc
2024-04-15 23:40:32,029 [INFO] IPUIPlugin:80 - create IPUIPlugin
2024-04-15 23:40:32,029 [INFO] PluginManager:220 - loadIPPluginJar : add ucpd
2024-04-15 23:40:32,032 [INFO] IPUIPlugin:80 - create IPUIPlugin
2024-04-15 23:40:32,032 [INFO] PluginManager:220 - loadIPPluginJar : add usart
2024-04-15 23:40:32,036 [INFO] IPUIPlugin:80 - create IPUIPlugin
2024-04-15 23:40:32,036 [INFO] PluginManager:220 - loadIPPluginJar : add usbx
2024-04-15 23:40:32,188 [INFO] CADModel:165 - CPN selected for project level
2024-04-15 23:40:32,188 [INFO] CADModel:114 - Register for checkConnection events
2024-04-15 23:40:32,189 [FATAL] Updater:308 - Updater called before beeing initialized
2024-04-15 23:40:32,189 [ERROR] CADModel:125 - Updater not yet initialized, retry later 
2024-04-15 23:40:32,364 [INFO] CADModel:165 - CPN selected for project level
2024-04-15 23:40:32,364 [INFO] CADModel:114 - Register for checkConnection events
2024-04-15 23:40:32,364 [FATAL] Updater:308 - Updater called before beeing initialized
2024-04-15 23:40:32,364 [ERROR] CADModel:125 - Updater not yet initialized, retry later 
2024-04-15 23:40:32,368 [FATAL] Updater:308 - Updater called before beeing initialized
2024-04-15 23:40:32,505 [FATAL] Updater:308 - Updater called before beeing initialized
2024-04-15 23:40:32,509 [INFO] DbMcusAds:53 - JSON generation date=Wed Nov 29 03:52:27 MST 2023 (1701255147349)
2024-04-15 23:40:32,509 [FATAL] Updater:308 - Updater called before beeing initialized
2024-04-15 23:40:32,562 [WARN] DetailPanel:346 - Failed to get advertising image, set to default
2024-04-15 23:40:32,697 [FATAL] Updater:308 - Updater called before beeing initialized
2024-04-15 23:40:32,700 [FATAL] Updater:308 - Updater called before beeing initialized
2024-04-15 23:40:32,700 [FATAL] Updater:308 - Updater called before beeing initialized
2024-04-15 23:40:32,700 [WARN] DetailPanel:346 - Failed to get advertising image, set to default
2024-04-15 23:40:32,701 [FATAL] Updater:308 - Updater called before beeing initialized
2024-04-15 23:40:32,757 [ERROR] Updater:1120 - MainUpdater not yet initialized. External WinMGr cannot be set.
2024-04-15 23:40:32,761 [INFO] Updater:1056 - Updater Version found : 6.10.0
2024-04-15 23:40:32,787 [INFO] ApplicationProperties:184 - Using Application install path: C:\ST\STM32CubeIDE_1.14.0\STM32CubeIDE\plugins\com.st.stm32cube.common.mx_6.10.0.202311202037
2024-04-15 23:40:34,127 [INFO] ThirdPartyUpdaterWithRetryManager:70 - Updater plugin not ready yet. [2/15]
2024-04-15 23:40:34,369 [ERROR] LogOutputStream:75 - [STDERR_REDIRECT] Apr 15, 2024 11:40:34 PM java.util.prefs.WindowsPreferences <init>
2024-04-15 23:40:34,373 [ERROR] LogOutputStream:75 - [STDERR_REDIRECT] WARNING: Could not open/create prefs root node Software\JavaSoft\Prefs at root 0xffffffff80000002. Windows RegCreateKeyEx(...) returned error code 5.
2024-04-15 23:40:34,374 [ERROR] LogOutputStream:75 - [STDERR_REDIRECT] 
2024-04-15 23:40:34,700 [INFO] MainUpdater:2873 - connection check result : 10
2024-04-15 23:40:34,701 [INFO] MainUpdater:290 - Updater Check For Update Now.
2024-04-15 23:40:34,701 [INFO] MicroXplorer:498 - Change Database Version : DB.6.0.100
2024-04-15 23:40:34,710 [INFO] McuFinderGlobals:63 - Set McuFinder mode to 2 (CubeIDE integrated)
2024-04-15 23:40:34,710 [INFO] UserAuth:180 - activating auth plugin
2024-04-15 23:40:34,715 [INFO] UserAuth:404 - Internet connection configuration mode: 1
2024-04-15 23:40:34,742 [INFO] JxBrowserEngine:152 - Initiate JxBrowser Engine with user profile folder
2024-04-15 23:40:34,918 [INFO] CheckServerUpdateThread:120 - End of CheckServer Thread
2024-04-15 23:40:35,774 [INFO] WebApp:161 - Instantiating new browser for Auth
2024-04-15 23:40:36,525 [INFO] WebApp:780 - Register for checkConnection events
2024-04-15 23:40:36,525 [INFO] WebApp:414 - Apply proxy settings
2024-04-15 23:40:36,525 [INFO] WebApp:499 - Chromium requires no authentication
2024-04-15 23:40:36,537 [INFO] WebApp:442 - Direct internet connection detected
2024-04-15 23:40:36,735 [INFO] WebApp:192 - Starting web application
2024-04-15 23:40:36,735 [INFO] WebApp:544 - Web application path used C:\ST\STM32CubeIDE_1.14.0\STM32CubeIDE\plugins\com.st.stm32cube.common.mx_6.10.0.202311202037\db\plugins\mcufinder\reactClient1\index.html
2024-04-15 23:40:37,309 [WARN] PackLoader:240 - Cannot read IP mode file for STMicroelectronics.FP-SNS-MOTENVWB1.1.4.0
2024-04-15 23:40:37,321 [WARN] PackLoader:240 - Cannot read IP mode file for STMicroelectronics.X-CUBE-SMBUS.2.1.0
2024-04-15 23:40:37,327 [WARN] PackLoader:240 - Cannot read IP mode file for STMicroelectronics.X-CUBE-TOUCHGFX.4.23.1
2024-04-15 23:40:37,331 [WARN] PackLoader:240 - Cannot read IP mode file for STMicroelectronics.X-CUBE-TOUCHGFX.4.23.0
2024-04-15 23:40:37,334 [WARN] PackLoader:240 - Cannot read IP mode file for STMicroelectronics.X-CUBE-TOUCHGFX.4.23.2
2024-04-15 23:40:37,378 [WARN] PackLoader:240 - Cannot read IP mode file for STMicroelectronics.X-CUBE-AZRTOS-F7.1.1.0
2024-04-15 23:40:37,395 [WARN] PackLoader:240 - Cannot read IP mode file for STMicroelectronics.FP-SNS-MOTENV1.4.3.2
2024-04-15 23:40:37,406 [WARN] PackLoader:240 - Cannot read IP mode file for STMicroelectronics.FP-SNS-FLIGHT1.5.0.2
2024-04-15 23:40:37,418 [WARN] PackLoader:240 - Cannot read IP mode file for STMicroelectronics.X-CUBE-DISPLAY.3.0.0
2024-04-15 23:40:37,435 [WARN] PackLoader:240 - Cannot read IP mode file for STMicroelectronics.X-CUBE-BLE1.7.0.0
2024-04-15 23:40:37,443 [WARN] PackLoader:240 - Cannot read IP mode file for emotas.I-CUBE-CANOPEN.1.3.0
2024-04-15 23:40:37,459 [WARN] PackLoader:240 - Cannot read IP mode file for STMicroelectronics.X-CUBE-BLEMGR.3.1.0
2024-04-15 23:40:37,471 [WARN] PackLoader:240 - Cannot read IP mode file for STMicroelectronics.FP-SNS-SMARTAG2.1.2.0
2024-04-15 23:40:37,490 [INFO] LogOutputStream:77 - [STDOUT_REDIRECT] 1 : Invalid condition id : UX_CORESTACK_Condition cause : null
2024-04-15 23:40:37,491 [INFO] LogOutputStream:77 - [STDOUT_REDIRECT] 1 : Invalid condition id : UX_CORESTACK_Condition cause : null
2024-04-15 23:40:37,493 [INFO] LogOutputStream:77 - [STDOUT_REDIRECT] 1 : Invalid condition id : UX_CORESTACK_Condition cause : null
2024-04-15 23:40:37,494 [INFO] LogOutputStream:77 - [STDOUT_REDIRECT] 1 : Invalid condition id : UX_CORESTACK_Condition cause : null
2024-04-15 23:40:37,495 [INFO] LogOutputStream:77 - [STDOUT_REDIRECT] 1 : Invalid condition id : UX_CORESTACK_Condition cause : null
2024-04-15 23:40:37,501 [WARN] PackLoader:240 - Cannot read IP mode file for STMicroelectronics.X-CUBE-AZRTOS-WL.2.0.0
2024-04-15 23:40:37,510 [WARN] PackLoader:240 - Cannot read IP mode file for STMicroelectronics.FP-SNS-MOTENV1.5.0.0
2024-04-15 23:40:37,525 [WARN] PackLoader:240 - Cannot read IP mode file for WES.I-CUBE-Cesium.1.3.0
2024-04-15 23:40:37,532 [WARN] PackLoader:240 - Cannot read IP mode file for STMicroelectronics.X-CUBE-BLE2.3.3.0
2024-04-15 23:40:37,554 [WARN] PackLoader:240 - Cannot read IP mode file for STMicroelectronics.X-CUBE-TCPP.4.1.0
2024-04-15 23:40:37,576 [WARN] PackLoader:240 - Cannot read IP mode file for STMicroelectronics.X-CUBE-ALGOBUILD.1.3.0
2024-04-15 23:40:37,604 [WARN] PackLoader:240 - Cannot read IP mode file for STMicroelectronics.X-CUBE-AZRTOS-G0.1.1.0
2024-04-15 23:40:37,618 [WARN] PackLoader:240 - Cannot read IP mode file for STMicroelectronics.X-CUBE-SAFEA1.1.2.2
2024-04-15 23:40:37,628 [WARN] PackLoader:240 - Cannot read IP mode file for STMicroelectronics.X-CUBE-NFC4.3.0.0
2024-04-15 23:40:37,644 [WARN] PackLoader:240 - Cannot read IP mode file for STMicroelectronics.X-CUBE-BLEMGR.3.0.0
2024-04-15 23:40:37,653 [WARN] PackLoader:240 - Cannot read IP mode file for STMicroelectronics.FP-ATR-SIGFOX1.3.2.0
2024-04-15 23:40:37,664 [WARN] PackLoader:240 - Cannot read IP mode file for STMicroelectronics.X-CUBE-EEPRMA1.5.1.0
2024-04-15 23:40:37,725 [WARN] PackLoader:240 - Cannot read IP mode file for SEGGER.I-CUBE-embOS.1.3.1
2024-04-15 23:40:37,810 [WARN] PackLoader:240 - Cannot read IP mode file for STMicroelectronics.X-CUBE-GNSS1.6.0.0
2024-04-15 23:40:37,842 [WARN] PackLoader:240 - Cannot read IP mode file for STMicroelectronics.X-CUBE-AZRTOS-F4.1.1.0
2024-04-15 23:40:37,856 [WARN] PackLoader:240 - Cannot read IP mode file for wolfSSL.I-CUBE-wolfSSL.5.6.6
2024-04-15 23:40:37,892 [WARN] PackLoader:240 - Cannot read IP mode file for STMicroelectronics.X-CUBE-AZRTOS-L5.2.0.0
2024-04-15 23:40:37,907 [WARN] PackLoader:240 - Cannot read IP mode file for STMicroelectronics.X-CUBE-EEPRMA1.4.2.0
2024-04-15 23:40:37,923 [WARN] PackLoader:240 - Cannot read IP mode file for STMicroelectronics.X-CUBE-NFC6.3.1.0
2024-04-15 23:40:37,934 [WARN] PackLoader:240 - Cannot read IP mode file for ITTIA_DB.I-CUBE-ITTIADB.8.8.0
2024-04-15 23:40:37,940 [WARN] PackLoader:240 - Cannot read IP mode file for STMicroelectronics.X-CUBE-AI.9.0.0
2024-04-15 23:40:37,948 [WARN] PackLoader:240 - Cannot read IP mode file for STMicroelectronics.X-CUBE-NFC7.1.0.1
2024-04-15 23:40:37,960 [WARN] PackLoader:240 - Cannot read IP mode file for STMicroelectronics.X-CUBE-NFC6.3.0.0
2024-04-15 23:40:37,970 [WARN] PackLoader:240 - Cannot read IP mode file for STMicroelectronics.X-CUBE-AI.8.1.0
2024-04-15 23:40:38,011 [WARN] ConditionMgr:438 - getConditionDescription Invalid condition id : LAN8742 Phy interface Condition cause : null
2024-04-15 23:40:38,013 [WARN] PackLoader:240 - Cannot read IP mode file for STMicroelectronics.X-CUBE-AZRTOS-L4.2.0.0
2024-04-15 23:40:38,017 [WARN] ConditionMgr:1039 - genDependencies : Invalid condition id : LAN8742 Phy interface Condition cause : null
2024-04-15 23:40:38,017 [WARN] ConditionMgr:1039 - genDependencies : Invalid condition id : LAN8742 Phy interface Condition cause : null
2024-04-15 23:40:38,019 [WARN] ConditionMgr:1039 - genDependencies : Invalid condition id : LAN8742 Phy interface Condition cause : null
2024-04-15 23:40:38,036 [WARN] PackLoader:240 - Cannot read IP mode file for STMicroelectronics.X-CUBE-SFXS2LP1.4.0.0
2024-04-15 23:40:38,065 [WARN] ConditionMgr:438 - getConditionDescription Invalid condition id : UX DEVICE CLASS RTOS Condition cause : null
2024-04-15 23:40:38,066 [WARN] ConditionMgr:438 - getConditionDescription Invalid condition id : UX DEVICE CLASS RTOS Condition cause : null
2024-04-15 23:40:38,073 [WARN] PackLoader:240 - Cannot read IP mode file for STMicroelectronics.X-CUBE-AZRTOS-WB.2.0.0
2024-04-15 23:40:38,075 [WARN] ConditionMgr:1039 - genDependencies : Invalid condition id : UX DEVICE CLASS RTOS Condition cause : null
2024-04-15 23:40:38,075 [WARN] ConditionMgr:1039 - genDependencies : Invalid condition id : UX DEVICE CLASS RTOS Condition cause : null
2024-04-15 23:40:38,077 [WARN] ConditionMgr:1039 - genDependencies : Invalid condition id : UX DEVICE CLASS RTOS Condition cause : null
2024-04-15 23:40:38,078 [WARN] ConditionMgr:1039 - genDependencies : Invalid condition id : UX DEVICE CLASS RTOS Condition cause : null
2024-04-15 23:40:38,079 [WARN] ConditionMgr:1039 - genDependencies : Invalid condition id : UX DEVICE CLASS RTOS Condition cause : null
2024-04-15 23:40:38,103 [WARN] PackLoader:240 - Cannot read IP mode file for STMicroelectronics.X-CUBE-SUBG2.5.0.0
2024-04-15 23:40:38,148 [WARN] PackLoader:240 - Cannot read IP mode file for STMicroelectronics.X-CUBE-AZRTOS-G4.2.0.0
2024-04-15 23:40:38,201 [WARN] PackLoader:240 - Cannot read IP mode file for Infineon.AIROC-Wi-Fi-Bluetooth-STM32.1.5.1
2024-04-15 23:40:38,217 [WARN] PackLoader:240 - Cannot read IP mode file for STMicroelectronics.FP-SNS-MOTENVWB1.1.3.1
2024-04-15 23:40:38,285 [WARN] PackLoader:240 - Cannot read IP mode file for STMicroelectronics.X-CUBE-MEMS1.10.0.0
2024-04-15 23:40:38,514 [WARN] PackLoader:240 - Cannot read IP mode file for STMicroelectronics.X-CUBE-FREERTOS.1.1.0
2024-04-15 23:40:38,521 [WARN] PackLoader:240 - Cannot read IP mode file for portGmbH.I-Cube-SoM-uGOAL.1.1.0
2024-04-15 23:40:38,528 [WARN] PackLoader:240 - Cannot read IP mode file for STMicroelectronics.X-CUBE-ALS.1.0.1
2024-04-15 23:40:38,559 [WARN] PackLoader:240 - Cannot read IP mode file for STMicroelectronics.X-CUBE-AZRTOS-H7RS.1.0.0
2024-04-15 23:40:38,569 [WARN] PackLoader:240 - Cannot read IP mode file for STMicroelectronics.FP-ATR-ASTRA1.2.0.0
2024-04-15 23:40:38,585 [WARN] PackLoader:240 - Cannot read IP mode file for STMicroelectronics.X-CUBE-TOF1.3.4.0
2024-04-15 23:40:38,615 [WARN] PackLoader:240 - Cannot read IP mode file for STMicroelectronics.X-CUBE-TOF1.3.4.1
2024-04-15 23:40:38,660 [WARN] PackLoader:240 - Cannot read IP mode file for STMicroelectronics.X-CUBE-AZRTOS-H7.3.2.0
2024-04-15 23:40:38,665 [INFO] ThirdParty:978 - Integrity check success = true
2024-04-15 23:40:38,665 [INFO] IntegrityCheckThread:100 - exiting critical section [integrity check]
2024-04-15 23:40:38,665 [INFO] IntegrityCheckThread:103 - End integrity checks thread
2024-04-15 23:40:57,635 [ERROR] LogOutputStream:75 - [STDERR_REDIRECT] SLF4J: Failed to load class "org.slf4j.impl.StaticLoggerBinder".
2024-04-15 23:40:57,637 [ERROR] LogOutputStream:75 - [STDERR_REDIRECT] SLF4J: Defaulting to no-operation (NOP) logger implementation
2024-04-15 23:40:57,638 [ERROR] LogOutputStream:75 - [STDERR_REDIRECT] SLF4J: See http://www.slf4j.org/codes.html#StaticLoggerBinder for further details.
2024-04-15 23:41:03,770 [INFO] LogOutputStream:77 - [STDOUT_REDIRECT] StartTraceHandler.execute(), success : Collect=false
2024-04-15 23:41:06,571 [INFO] LogOutputStream:77 - [STDOUT_REDIRECT] StartTraceHandler.execute(), success : Collect=true
