2024-04-01 00:57:22,404 [ERROR] LogOutputStream:75 - [STDERR_REDIRECT] Exception in thread "AWT-EventQueue-0" org.eclipse.swt.SWTException: Device is disposed
2024-04-01 00:57:22,455 [ERROR] LogOutputStream:75 - [STDERR_REDIRECT] 	at org.eclipse.swt.SWT.error(SWT.java:4918)
2024-04-01 00:57:22,457 [ERROR] LogOutputStream:75 - [STDERR_REDIRECT] 	at org.eclipse.swt.SWT.error(SWT.java:4833)
2024-04-01 00:57:22,460 [ERROR] LogOutputStream:75 - [STDERR_REDIRECT] 	at org.eclipse.swt.SWT.error(SWT.java:4804)
2024-04-01 00:57:22,462 [ERROR] LogOutputStream:75 - [STDERR_REDIRECT] 	at org.eclipse.swt.widgets.Display.error(Display.java:1278)
2024-04-01 00:57:22,464 [ERROR] LogOutputStream:75 - [STDERR_REDIRECT] 	at org.eclipse.swt.widgets.Display.asyncExec(Display.java:774)
2024-04-01 00:57:22,467 [ERROR] LogOutputStream:75 - [STDERR_REDIRECT] 	at com.st.stm32cube.common.mx.oss.core.awtswtbridge.AwtEnvironment$2.run(AwtEnvironment.java:168)
2024-04-01 00:57:22,469 [ERROR] LogOutputStream:75 - [STDERR_REDIRECT] 	at java.desktop/java.awt.event.InvocationEvent.dispatch(InvocationEvent.java:318)
2024-04-01 00:57:22,471 [ERROR] LogOutputStream:75 - [STDERR_REDIRECT] 	at java.desktop/java.awt.EventQueue.dispatchEventImpl(EventQueue.java:773)
2024-04-01 00:57:22,476 [ERROR] LogOutputStream:75 - [STDERR_REDIRECT] 	at java.desktop/java.awt.EventQueue$4.run(EventQueue.java:720)
2024-04-01 00:57:22,477 [ERROR] LogOutputStream:75 - [STDERR_REDIRECT] 	at java.desktop/java.awt.EventQueue$4.run(EventQueue.java:714)
2024-04-01 00:57:22,480 [ERROR] LogOutputStream:75 - [STDERR_REDIRECT] 	at java.base/java.security.AccessController.doPrivileged(AccessController.java:399)
2024-04-01 00:57:22,483 [ERROR] LogOutputStream:75 - [STDERR_REDIRECT] 	at java.base/java.security.ProtectionDomain$JavaSecurityAccessImpl.doIntersectionPrivilege(ProtectionDomain.java:86)
2024-04-01 00:57:22,486 [ERROR] LogOutputStream:75 - [STDERR_REDIRECT] 	at java.desktop/java.awt.EventQueue.dispatchEvent(EventQueue.java:742)
2024-04-01 00:57:22,489 [ERROR] LogOutputStream:75 - [STDERR_REDIRECT] 	at java.desktop/java.awt.EventDispatchThread.pumpOneEventForFilters(EventDispatchThread.java:203)
2024-04-01 00:57:22,494 [ERROR] LogOutputStream:75 - [STDERR_REDIRECT] 	at java.desktop/java.awt.EventDispatchThread.pumpEventsForFilter(EventDispatchThread.java:124)
2024-04-01 00:57:22,497 [ERROR] LogOutputStream:75 - [STDERR_REDIRECT] 	at java.desktop/java.awt.EventDispatchThread.pumpEventsForHierarchy(EventDispatchThread.java:113)
2024-04-01 00:57:22,500 [ERROR] LogOutputStream:75 - [STDERR_REDIRECT] 	at java.desktop/java.awt.EventDispatchThread.pumpEvents(EventDispatchThread.java:109)
2024-04-01 00:57:22,503 [ERROR] LogOutputStream:75 - [STDERR_REDIRECT] 	at java.desktop/java.awt.EventDispatchThread.pumpEvents(EventDispatchThread.java:101)
2024-04-01 00:57:22,505 [ERROR] LogOutputStream:75 - [STDERR_REDIRECT] 	at java.desktop/java.awt.EventDispatchThread.run(EventDispatchThread.java:90)
2024-04-01 00:57:22,715 [ERROR] LogOutputStream:75 - [STDERR_REDIRECT] 
2024-04-01 00:57:22,718 [ERROR] LogOutputStream:75 - [STDERR_REDIRECT] 
2024-04-01 10:37:54,583 [INFO] Activator:176 - 


2024-04-01 10:37:54,586 [INFO] Activator:177 - !SESSION log4j initialized
2024-04-01 10:38:01,244 [INFO] LogOutputStream:77 - [STDOUT_REDIRECT] 
2024-04-01 10:38:07,302 [INFO] ApplicationProperties:184 - Using Application install path: C:\ST\STM32CubeIDE_1.14.0\STM32CubeIDE\plugins\com.st.stm32cube.common.mx_6.10.0.202311202037
2024-04-01 10:38:07,325 [INFO] DbMcusXml:78 - Set database path to: C:\ST\STM32CubeIDE_1.14.0\STM32CubeIDE\plugins\com.st.stm32cube.common.mx_6.10.0.202311202037\\db\/mcu/
2024-04-01 10:38:07,326 [INFO] ApiDb:274 - Set plugin database path to: C:\ST\STM32CubeIDE_1.14.0\STM32CubeIDE\plugins\com.st.stm32cube.common.mx_6.10.0.202311202037\\db\/plugins/boardmanager/
2024-04-01 10:38:07,326 [WARN] ApiDb:259 - Overriding images path with different value:  => C:\ST\STM32CubeIDE_1.14.0\STM32CubeIDE\plugins\com.st.stm32cube.common.mx_6.10.0.202311202037\\db\/plugins/mcufinder/images/
2024-04-01 10:38:07,341 [INFO] ApiDb:250 - Set database path to: C:\Users\johns\.stmcufinder\plugins\mcufinder//mcu/
2024-04-01 10:38:07,343 [INFO] DbMcusAds:125 - Set database path to: C:\Users\johns\.stmcufinder\plugins\mcufinder//mcu/
2024-04-01 10:38:07,345 [INFO] CrossReferenceDbSqlite:203 - Set database path to: C:\Users\johns\.stmcufinder\plugins\mcufinder//mcu/cs/
2024-04-01 10:38:07,500 [INFO] RulesReader:64 - Compatibility file has been processed (297 Rules)
2024-04-01 10:38:07,630 [INFO] DbMcusXml:78 - Set database path to: C:\ST\STM32CubeIDE_1.14.0\STM32CubeIDE\plugins\com.st.stm32cube.common.mx_6.10.0.202311202037\\db\/mcu/
2024-04-01 10:38:07,632 [INFO] ApiDb:274 - Set plugin database path to: C:\ST\STM32CubeIDE_1.14.0\STM32CubeIDE\plugins\com.st.stm32cube.common.mx_6.10.0.202311202037\\db\/plugins/boardmanager/
2024-04-01 10:38:07,632 [INFO] ApiDb:261 - Set plugin images path to: C:\ST\STM32CubeIDE_1.14.0\STM32CubeIDE\plugins\com.st.stm32cube.common.mx_6.10.0.202311202037\\db\/plugins/mcufinder/images/
2024-04-01 10:38:07,632 [WARN] DbFile:41 - Overriding database path with different value: C:\Users\johns\.stmcufinder\plugins\mcufinder/ => C:\Users\johns\.stmcufinder\plugins\mcufinder
2024-04-01 10:38:07,632 [INFO] ApiDb:250 - Set database path to: C:\Users\johns\.stmcufinder\plugins\mcufinder//mcu/
2024-04-01 10:38:07,632 [WARN] DbFile:41 - Overriding database path with different value: C:\Users\johns\.stmcufinder\plugins\mcufinder/ => C:\Users\johns\.stmcufinder\plugins\mcufinder
2024-04-01 10:38:07,632 [INFO] DbMcusAds:125 - Set database path to: C:\Users\johns\.stmcufinder\plugins\mcufinder//mcu/
2024-04-01 10:38:07,633 [WARN] DbFile:41 - Overriding database path with different value: C:\Users\johns\.stmcufinder\plugins\mcufinder/ => C:\Users\johns\.stmcufinder\plugins\mcufinder
2024-04-01 10:38:07,633 [WARN] DbFile:41 - Overriding database path with different value: C:\Users\johns\.stmcufinder\plugins\mcufinder/ => C:\Users\johns\.stmcufinder\plugins\mcufinder
2024-04-01 10:38:07,633 [INFO] CrossReferenceDbSqlite:203 - Set database path to: C:\Users\johns\.stmcufinder\plugins\mcufinder//mcu/cs/
2024-04-01 10:38:07,727 [INFO] MainPanel:264 - HeapMemory: 268435456
2024-04-01 10:38:07,853 [INFO] DbMcusXml:78 - Set database path to: C:\ST\STM32CubeIDE_1.14.0\STM32CubeIDE\plugins\com.st.stm32cube.common.mx_6.10.0.202311202037\\db\/mcu/
2024-04-01 10:38:07,853 [INFO] ApiDb:274 - Set plugin database path to: C:\ST\STM32CubeIDE_1.14.0\STM32CubeIDE\plugins\com.st.stm32cube.common.mx_6.10.0.202311202037\\db\/plugins/boardmanager/
2024-04-01 10:38:07,853 [INFO] ApiDb:261 - Set plugin images path to: C:\ST\STM32CubeIDE_1.14.0\STM32CubeIDE\plugins\com.st.stm32cube.common.mx_6.10.0.202311202037\\db\/plugins/mcufinder/images/
2024-04-01 10:38:07,854 [WARN] DbFile:41 - Overriding database path with different value: C:\Users\johns\.stmcufinder\plugins\mcufinder/ => C:\Users\johns\.stmcufinder\plugins\mcufinder
2024-04-01 10:38:07,854 [INFO] ApiDb:250 - Set database path to: C:\Users\johns\.stmcufinder\plugins\mcufinder//mcu/
2024-04-01 10:38:07,854 [WARN] DbFile:41 - Overriding database path with different value: C:\Users\johns\.stmcufinder\plugins\mcufinder/ => C:\Users\johns\.stmcufinder\plugins\mcufinder
2024-04-01 10:38:07,855 [INFO] DbMcusAds:125 - Set database path to: C:\Users\johns\.stmcufinder\plugins\mcufinder//mcu/
2024-04-01 10:38:07,855 [WARN] DbFile:41 - Overriding database path with different value: C:\Users\johns\.stmcufinder\plugins\mcufinder/ => C:\Users\johns\.stmcufinder\plugins\mcufinder
2024-04-01 10:38:07,855 [WARN] DbFile:41 - Overriding database path with different value: C:\Users\johns\.stmcufinder\plugins\mcufinder/ => C:\Users\johns\.stmcufinder\plugins\mcufinder
2024-04-01 10:38:07,855 [INFO] CrossReferenceDbSqlite:203 - Set database path to: C:\Users\johns\.stmcufinder\plugins\mcufinder//mcu/cs/
2024-04-01 10:38:07,880 [INFO] ApplicationProperties:184 - Using Application install path: C:\ST\STM32CubeIDE_1.14.0\STM32CubeIDE\plugins\com.st.stm32cube.common.mx_6.10.0.202311202037
2024-04-01 10:38:07,883 [INFO] PluginManage:196 - Search for loadable plugins [exclusion list=, ]
2024-04-01 10:38:07,885 [INFO] PluginManage:310 - Check plugin analytics
2024-04-01 10:38:13,117 [INFO] AnalyticsPlugin:253 - Accepted Software Licenses: 
2024-04-01 10:38:13,118 [INFO] AnalyticsPlugin:255 - Accepted CMSIS Pack Licenses: 
2024-04-01 10:38:13,118 [INFO] AnalyticsPlugin:257 - Accepted Firmware Licenses: FW.F4.1.28.0
2024-04-01 10:38:13,121 [INFO] PluginManage:359 - Loaded plugin analytics (category:tool,tabindex:-1)
2024-04-01 10:38:13,121 [INFO] PluginManage:310 - Check plugin cadmodel
2024-04-01 10:38:13,132 [INFO] CADModel:105 - Init CAD model plugin
2024-04-01 10:38:13,132 [INFO] PluginManage:359 - Loaded plugin cadmodel (category:power,tabindex:5)
2024-04-01 10:38:13,133 [INFO] PluginManage:310 - Check plugin clock
2024-04-01 10:38:13,145 [INFO] PluginManage:359 - Loaded plugin clock (category:base,tabindex:2)
2024-04-01 10:38:13,145 [INFO] PluginManage:310 - Check plugin ddr
2024-04-01 10:38:13,148 [INFO] PluginManage:359 - Loaded plugin ddr (category:tool,tabindex:6)
2024-04-01 10:38:13,148 [INFO] PluginManage:310 - Check plugin filemanager
2024-04-01 10:38:13,300 [INFO] PluginManage:359 - Loaded plugin filemanager (category:base,tabindex:10)
2024-04-01 10:38:13,300 [INFO] PluginManage:310 - Check plugin ipmanager
2024-04-01 10:38:13,308 [INFO] PluginManage:359 - Loaded plugin ipmanager (category:base,tabindex:5)
2024-04-01 10:38:13,309 [INFO] PluginManage:310 - Check plugin lpbam
2024-04-01 10:38:13,317 [INFO] PluginManage:359 - Loaded plugin lpbam (category:base,tabindex:0)
2024-04-01 10:38:13,317 [INFO] PluginManage:310 - Check plugin memorymap
2024-04-01 10:38:13,341 [INFO] PluginManage:359 - Loaded plugin memorymap (category:base,tabindex:4)
2024-04-01 10:38:13,341 [INFO] PluginManage:310 - Check plugin pinoutandconfiguration
2024-04-01 10:38:13,352 [INFO] PluginManage:359 - Loaded plugin pinoutandconfiguration (category:base,tabindex:1)
2024-04-01 10:38:13,352 [INFO] PluginManage:310 - Check plugin pinoutconfig
2024-04-01 10:38:13,462 [WARN] SupportedApi:132 - Cannot load RTOS API schema: s4s-elt-must-match.1: The content of 'definitions' must match (annotation?, (simpleType | complexType)?, (unique | key | keyref)*)). A problem was found starting at: attribute.
2024-04-01 10:38:13,630 [INFO] PluginManage:359 - Loaded plugin pinoutconfig (category:base,tabindex:0)
2024-04-01 10:38:13,630 [INFO] PluginManage:310 - Check plugin power
2024-04-01 10:38:13,648 [INFO] PluginManage:359 - Loaded plugin power (category:power,tabindex:4)
2024-04-01 10:38:13,649 [INFO] PluginManage:310 - Check plugin projectmanager
2024-04-01 10:38:13,670 [INFO] PluginManage:359 - Loaded plugin projectmanager (category:projectmanager,tabindex:3)
2024-04-01 10:38:13,670 [INFO] PluginManage:310 - Check plugin thirdparty
2024-04-01 10:38:13,833 [INFO] PluginManage:359 - Loaded plugin thirdparty (category:base,tabindex:-1)
2024-04-01 10:38:13,832 [WARN] IntegrityCheckThread:84 - waiting for thirdparty lock release [integrity check]
2024-04-01 10:38:13,833 [INFO] PluginManage:310 - Check plugin tools
2024-04-01 10:38:13,833 [INFO] IntegrityCheckThread:86 - entering critical section [integrity check]
2024-04-01 10:38:13,834 [INFO] ThirdPartyUpdaterWithRetryManager:70 - Updater plugin not ready yet. [1/15]
2024-04-01 10:38:13,836 [INFO] PluginManage:359 - Loaded plugin tools (category:base,tabindex:7)
2024-04-01 10:38:13,836 [INFO] PluginManage:310 - Check plugin tutovideos
2024-04-01 10:38:14,078 [INFO] PluginManage:359 - Loaded plugin tutovideos (category:base,tabindex:-1)
2024-04-01 10:38:14,078 [INFO] PluginManage:310 - Check plugin updater
2024-04-01 10:38:14,091 [INFO] PluginManage:359 - Loaded plugin updater (category:base,tabindex:12)
2024-04-01 10:38:14,091 [INFO] PluginManage:310 - Check plugin userauth
2024-04-01 10:38:14,097 [INFO] UserAuth:114 - Init User Auth plugin
2024-04-01 10:38:14,097 [INFO] PluginManage:359 - Loaded plugin userauth (category:base,tabindex:14)
2024-04-01 10:38:14,097 [INFO] PluginManage:283 - PluginManage : Loaded plugins [17]
2024-04-01 10:38:14,365 [INFO] PinOutPanel:1499 - setPackage(No Configuration,No Configuration)
2024-04-01 10:38:14,469 [INFO] CADModel:165 - CPN selected for project level
2024-04-01 10:38:14,470 [INFO] CADModel:114 - Register for checkConnection events
2024-04-01 10:38:14,495 [INFO] IPUIPlugin:80 - create IPUIPlugin
2024-04-01 10:38:14,495 [INFO] PluginManager:220 - loadIPPluginJar : add adc
2024-04-01 10:38:14,499 [INFO] IPUIPlugin:80 - create IPUIPlugin
2024-04-01 10:38:14,500 [INFO] PluginManager:220 - loadIPPluginJar : add aes
2024-04-01 10:38:14,503 [INFO] IPUIPlugin:80 - create IPUIPlugin
2024-04-01 10:38:14,503 [INFO] PluginManager:220 - loadIPPluginJar : add can
2024-04-01 10:38:14,506 [INFO] IPUIPlugin:80 - create IPUIPlugin
2024-04-01 10:38:14,506 [INFO] PluginManager:220 - loadIPPluginJar : add comp
2024-04-01 10:38:14,511 [INFO] IPUIPlugin:80 - create IPUIPlugin
2024-04-01 10:38:14,511 [INFO] PluginManager:220 - loadIPPluginJar : add cryp
2024-04-01 10:38:14,514 [INFO] IPUIPlugin:80 - create IPUIPlugin
2024-04-01 10:38:14,515 [INFO] PluginManager:220 - loadIPPluginJar : add dfsdm
2024-04-01 10:38:14,521 [INFO] IPUIPlugin:80 - create IPUIPlugin
2024-04-01 10:38:14,522 [INFO] PluginManager:220 - loadIPPluginJar : add dma
2024-04-01 10:38:14,525 [INFO] IPUIPlugin:80 - create IPUIPlugin
2024-04-01 10:38:14,525 [INFO] PluginManager:220 - loadIPPluginJar : add dma3
2024-04-01 10:38:14,528 [INFO] IPUIPlugin:80 - create IPUIPlugin
2024-04-01 10:38:14,529 [INFO] PluginManager:220 - loadIPPluginJar : add fatfs
2024-04-01 10:38:14,534 [INFO] IPUIPlugin:80 - create IPUIPlugin
2024-04-01 10:38:14,534 [INFO] PluginManager:220 - loadIPPluginJar : add fmc
2024-04-01 10:38:14,542 [INFO] IPUIPlugin:80 - create IPUIPlugin
2024-04-01 10:38:14,542 [INFO] PluginManager:220 - loadIPPluginJar : add freertos
2024-04-01 10:38:14,544 [INFO] IPUIPlugin:80 - create IPUIPlugin
2024-04-01 10:38:14,545 [INFO] PluginManager:220 - loadIPPluginJar : add genericplugin
2024-04-01 10:38:14,550 [INFO] IPUIPlugin:80 - create IPUIPlugin
2024-04-01 10:38:14,550 [INFO] PluginManager:220 - loadIPPluginJar : add gfxmmu
2024-04-01 10:38:14,556 [INFO] IPUIPlugin:80 - create IPUIPlugin
2024-04-01 10:38:14,556 [INFO] PluginManager:220 - loadIPPluginJar : add gic
2024-04-01 10:38:14,561 [INFO] IPUIPlugin:80 - create IPUIPlugin
2024-04-01 10:38:14,561 [INFO] PluginManager:220 - loadIPPluginJar : add gpio
2024-04-01 10:38:14,564 [INFO] IPUIPlugin:80 - create IPUIPlugin
2024-04-01 10:38:14,565 [INFO] PluginManager:220 - loadIPPluginJar : add gtzc
2024-04-01 10:38:14,568 [INFO] IPUIPlugin:80 - create IPUIPlugin
2024-04-01 10:38:14,568 [INFO] PluginManager:220 - loadIPPluginJar : add hash
2024-04-01 10:38:14,571 [INFO] IPUIPlugin:80 - create IPUIPlugin
2024-04-01 10:38:14,571 [INFO] PluginManager:220 - loadIPPluginJar : add i2c
2024-04-01 10:38:14,575 [INFO] IPUIPlugin:80 - create IPUIPlugin
2024-04-01 10:38:14,575 [INFO] PluginManager:220 - loadIPPluginJar : add i2s
2024-04-01 10:38:14,578 [INFO] IPUIPlugin:80 - create IPUIPlugin
2024-04-01 10:38:14,578 [INFO] PluginManager:220 - loadIPPluginJar : add i3c
2024-04-01 10:38:14,582 [INFO] IPUIPlugin:80 - create IPUIPlugin
2024-04-01 10:38:14,583 [INFO] PluginManager:220 - loadIPPluginJar : add ipddr
2024-04-01 10:38:14,590 [INFO] IPUIPlugin:80 - create IPUIPlugin
2024-04-01 10:38:14,591 [INFO] PluginManager:220 - loadIPPluginJar : add linkedlist
2024-04-01 10:38:14,594 [INFO] IPUIPlugin:80 - create IPUIPlugin
2024-04-01 10:38:14,594 [INFO] PluginManager:220 - loadIPPluginJar : add lorawan
2024-04-01 10:38:14,597 [INFO] IPUIPlugin:80 - create IPUIPlugin
2024-04-01 10:38:14,598 [INFO] PluginManager:220 - loadIPPluginJar : add ltdc
2024-04-01 10:38:14,604 [INFO] IPUIPlugin:80 - create IPUIPlugin
2024-04-01 10:38:14,605 [INFO] PluginManager:220 - loadIPPluginJar : add mdma
2024-04-01 10:38:14,609 [INFO] IPUIPlugin:80 - create IPUIPlugin
2024-04-01 10:38:14,610 [INFO] PluginManager:220 - loadIPPluginJar : add nvic
2024-04-01 10:38:14,613 [INFO] IPUIPlugin:80 - create IPUIPlugin
2024-04-01 10:38:14,613 [INFO] PluginManager:220 - loadIPPluginJar : add opamp
2024-04-01 10:38:14,617 [INFO] IPUIPlugin:80 - create IPUIPlugin
2024-04-01 10:38:14,618 [INFO] PluginManager:220 - loadIPPluginJar : add openamp
2024-04-01 10:38:14,622 [INFO] IPUIPlugin:80 - create IPUIPlugin
2024-04-01 10:38:14,622 [INFO] PluginManager:220 - loadIPPluginJar : add pdm2pcm
2024-04-01 10:38:14,632 [INFO] IPUIPlugin:80 - create IPUIPlugin
2024-04-01 10:38:14,656 [INFO] PluginManager:220 - loadIPPluginJar : add plateformsettings
2024-04-01 10:38:14,659 [INFO] IPUIPlugin:80 - create IPUIPlugin
2024-04-01 10:38:14,659 [INFO] PluginManager:220 - loadIPPluginJar : add quadspi
2024-04-01 10:38:14,666 [INFO] IPUIPlugin:80 - create IPUIPlugin
2024-04-01 10:38:14,666 [INFO] PluginManager:220 - loadIPPluginJar : add resmgrutility
2024-04-01 10:38:14,671 [INFO] IPUIPlugin:80 - create IPUIPlugin
2024-04-01 10:38:14,671 [INFO] PluginManager:220 - loadIPPluginJar : add sai
2024-04-01 10:38:14,674 [INFO] IPUIPlugin:80 - create IPUIPlugin
2024-04-01 10:38:14,674 [INFO] PluginManager:220 - loadIPPluginJar : add spi
2024-04-01 10:38:14,681 [INFO] IPUIPlugin:80 - create IPUIPlugin
2024-04-01 10:38:14,682 [INFO] PluginManager:220 - loadIPPluginJar : add stm32_wpan
2024-04-01 10:38:14,692 [INFO] IPUIPlugin:80 - create IPUIPlugin
2024-04-01 10:38:14,692 [INFO] PluginManager:220 - loadIPPluginJar : add tim
2024-04-01 10:38:14,697 [INFO] IPUIPlugin:80 - create IPUIPlugin
2024-04-01 10:38:14,697 [INFO] PluginManager:220 - loadIPPluginJar : add touchsensing
2024-04-01 10:38:14,700 [INFO] IPUIPlugin:80 - create IPUIPlugin
2024-04-01 10:38:14,700 [INFO] PluginManager:220 - loadIPPluginJar : add tracer_emb
2024-04-01 10:38:14,703 [INFO] IPUIPlugin:80 - create IPUIPlugin
2024-04-01 10:38:14,703 [INFO] PluginManager:220 - loadIPPluginJar : add ts
2024-04-01 10:38:14,706 [INFO] IPUIPlugin:80 - create IPUIPlugin
2024-04-01 10:38:14,706 [INFO] PluginManager:220 - loadIPPluginJar : add tsc
2024-04-01 10:38:14,710 [INFO] IPUIPlugin:80 - create IPUIPlugin
2024-04-01 10:38:14,710 [INFO] PluginManager:220 - loadIPPluginJar : add ucpd
2024-04-01 10:38:14,714 [INFO] IPUIPlugin:80 - create IPUIPlugin
2024-04-01 10:38:14,714 [INFO] PluginManager:220 - loadIPPluginJar : add usart
2024-04-01 10:38:14,719 [INFO] IPUIPlugin:80 - create IPUIPlugin
2024-04-01 10:38:14,719 [INFO] PluginManager:220 - loadIPPluginJar : add usbx
2024-04-01 10:38:14,867 [INFO] CADModel:165 - CPN selected for project level
2024-04-01 10:38:14,869 [INFO] CADModel:114 - Register for checkConnection events
2024-04-01 10:38:14,869 [FATAL] Updater:308 - Updater called before beeing initialized
2024-04-01 10:38:14,870 [ERROR] CADModel:125 - Updater not yet initialized, retry later 
2024-04-01 10:38:15,057 [INFO] CADModel:165 - CPN selected for project level
2024-04-01 10:38:15,057 [INFO] CADModel:114 - Register for checkConnection events
2024-04-01 10:38:15,057 [FATAL] Updater:308 - Updater called before beeing initialized
2024-04-01 10:38:15,057 [ERROR] CADModel:125 - Updater not yet initialized, retry later 
2024-04-01 10:38:15,061 [FATAL] Updater:308 - Updater called before beeing initialized
2024-04-01 10:38:15,202 [FATAL] Updater:308 - Updater called before beeing initialized
2024-04-01 10:38:15,209 [INFO] DbMcusAds:53 - JSON generation date=Wed Nov 29 03:52:27 MST 2023 (1701255147349)
2024-04-01 10:38:15,209 [FATAL] Updater:308 - Updater called before beeing initialized
2024-04-01 10:38:15,265 [WARN] DetailPanel:346 - Failed to get advertising image, set to default
2024-04-01 10:38:15,363 [FATAL] Updater:308 - Updater called before beeing initialized
2024-04-01 10:38:15,366 [FATAL] Updater:308 - Updater called before beeing initialized
2024-04-01 10:38:15,366 [FATAL] Updater:308 - Updater called before beeing initialized
2024-04-01 10:38:15,366 [WARN] DetailPanel:346 - Failed to get advertising image, set to default
2024-04-01 10:38:15,366 [FATAL] Updater:308 - Updater called before beeing initialized
2024-04-01 10:38:15,421 [ERROR] Updater:1120 - MainUpdater not yet initialized. External WinMGr cannot be set.
2024-04-01 10:38:15,423 [INFO] Updater:1056 - Updater Version found : 6.10.0
2024-04-01 10:38:15,450 [INFO] ApplicationProperties:184 - Using Application install path: C:\ST\STM32CubeIDE_1.14.0\STM32CubeIDE\plugins\com.st.stm32cube.common.mx_6.10.0.202311202037
2024-04-01 10:38:16,835 [INFO] ThirdPartyUpdaterWithRetryManager:70 - Updater plugin not ready yet. [2/15]
2024-04-01 10:38:17,046 [ERROR] LogOutputStream:75 - [STDERR_REDIRECT] Apr 01, 2024 10:38:17 AM java.util.prefs.WindowsPreferences <init>
2024-04-01 10:38:17,048 [ERROR] LogOutputStream:75 - [STDERR_REDIRECT] WARNING: Could not open/create prefs root node Software\JavaSoft\Prefs at root 0xffffffff80000002. Windows RegCreateKeyEx(...) returned error code 5.
2024-04-01 10:38:17,049 [ERROR] LogOutputStream:75 - [STDERR_REDIRECT] 
2024-04-01 10:38:17,435 [INFO] MainUpdater:2873 - connection check result : 10
2024-04-01 10:38:17,436 [INFO] MainUpdater:290 - Updater Check For Update Now.
2024-04-01 10:38:17,437 [INFO] MicroXplorer:498 - Change Database Version : DB.6.0.100
2024-04-01 10:38:17,447 [INFO] McuFinderGlobals:63 - Set McuFinder mode to 2 (CubeIDE integrated)
2024-04-01 10:38:17,447 [INFO] UserAuth:180 - activating auth plugin
2024-04-01 10:38:17,451 [INFO] UserAuth:404 - Internet connection configuration mode: 1
2024-04-01 10:38:17,483 [INFO] JxBrowserEngine:152 - Initiate JxBrowser Engine with user profile folder
2024-04-01 10:38:17,659 [INFO] CheckServerUpdateThread:120 - End of CheckServer Thread
2024-04-01 10:38:18,608 [INFO] WebApp:161 - Instantiating new browser for Auth
2024-04-01 10:38:19,613 [INFO] WebApp:780 - Register for checkConnection events
2024-04-01 10:38:19,613 [INFO] WebApp:414 - Apply proxy settings
2024-04-01 10:38:19,614 [INFO] WebApp:499 - Chromium requires no authentication
2024-04-01 10:38:19,628 [INFO] WebApp:442 - Direct internet connection detected
2024-04-01 10:38:19,952 [INFO] WebApp:192 - Starting web application
2024-04-01 10:38:19,952 [INFO] WebApp:544 - Web application path used C:\ST\STM32CubeIDE_1.14.0\STM32CubeIDE\plugins\com.st.stm32cube.common.mx_6.10.0.202311202037\db\plugins\mcufinder\reactClient1\index.html
2024-04-01 10:38:20,108 [WARN] PackLoader:240 - Cannot read IP mode file for STMicroelectronics.X-CUBE-SMBUS.2.1.0
2024-04-01 10:38:20,120 [WARN] PackLoader:240 - Cannot read IP mode file for STMicroelectronics.X-CUBE-TOUCHGFX.4.23.1
2024-04-01 10:38:20,128 [WARN] PackLoader:240 - Cannot read IP mode file for STMicroelectronics.X-CUBE-TOUCHGFX.4.23.0
2024-04-01 10:38:20,170 [WARN] PackLoader:240 - Cannot read IP mode file for STMicroelectronics.X-CUBE-AZRTOS-F7.1.1.0
2024-04-01 10:38:20,184 [WARN] PackLoader:240 - Cannot read IP mode file for STMicroelectronics.FP-SNS-MOTENV1.4.3.2
2024-04-01 10:38:20,195 [WARN] PackLoader:240 - Cannot read IP mode file for STMicroelectronics.FP-SNS-FLIGHT1.5.0.2
2024-04-01 10:38:20,209 [WARN] PackLoader:240 - Cannot read IP mode file for STMicroelectronics.X-CUBE-DISPLAY.3.0.0
2024-04-01 10:38:20,227 [WARN] PackLoader:240 - Cannot read IP mode file for STMicroelectronics.X-CUBE-BLE1.7.0.0
2024-04-01 10:38:20,235 [WARN] PackLoader:240 - Cannot read IP mode file for emotas.I-CUBE-CANOPEN.1.3.0
2024-04-01 10:38:20,249 [WARN] PackLoader:240 - Cannot read IP mode file for STMicroelectronics.X-CUBE-BLEMGR.3.1.0
2024-04-01 10:38:20,260 [WARN] PackLoader:240 - Cannot read IP mode file for STMicroelectronics.FP-SNS-SMARTAG2.1.2.0
2024-04-01 10:38:20,278 [INFO] LogOutputStream:77 - [STDOUT_REDIRECT] 1 : Invalid condition id : UX_CORESTACK_Condition cause : null
2024-04-01 10:38:20,279 [INFO] LogOutputStream:77 - [STDOUT_REDIRECT] 1 : Invalid condition id : UX_CORESTACK_Condition cause : null
2024-04-01 10:38:20,280 [INFO] LogOutputStream:77 - [STDOUT_REDIRECT] 1 : Invalid condition id : UX_CORESTACK_Condition cause : null
2024-04-01 10:38:20,282 [INFO] LogOutputStream:77 - [STDOUT_REDIRECT] 1 : Invalid condition id : UX_CORESTACK_Condition cause : null
2024-04-01 10:38:20,283 [INFO] LogOutputStream:77 - [STDOUT_REDIRECT] 1 : Invalid condition id : UX_CORESTACK_Condition cause : null
2024-04-01 10:38:20,288 [WARN] PackLoader:240 - Cannot read IP mode file for STMicroelectronics.X-CUBE-AZRTOS-WL.2.0.0
2024-04-01 10:38:20,295 [WARN] PackLoader:240 - Cannot read IP mode file for STMicroelectronics.FP-SNS-MOTENV1.5.0.0
2024-04-01 10:38:20,308 [WARN] PackLoader:240 - Cannot read IP mode file for WES.I-CUBE-Cesium.1.3.0
2024-04-01 10:38:20,315 [WARN] PackLoader:240 - Cannot read IP mode file for STMicroelectronics.X-CUBE-BLE2.3.3.0
2024-04-01 10:38:20,327 [WARN] PackLoader:240 - Cannot read IP mode file for STMicroelectronics.X-CUBE-ALGOBUILD.1.3.0
2024-04-01 10:38:20,356 [WARN] PackLoader:240 - Cannot read IP mode file for STMicroelectronics.X-CUBE-AZRTOS-G0.1.1.0
2024-04-01 10:38:20,369 [WARN] PackLoader:240 - Cannot read IP mode file for STMicroelectronics.X-CUBE-SAFEA1.1.2.2
2024-04-01 10:38:20,379 [WARN] PackLoader:240 - Cannot read IP mode file for STMicroelectronics.X-CUBE-NFC4.3.0.0
2024-04-01 10:38:20,389 [WARN] PackLoader:240 - Cannot read IP mode file for STMicroelectronics.X-CUBE-BLEMGR.3.0.0
2024-04-01 10:38:20,397 [WARN] PackLoader:240 - Cannot read IP mode file for STMicroelectronics.FP-ATR-SIGFOX1.3.2.0
2024-04-01 10:38:20,405 [WARN] PackLoader:240 - Cannot read IP mode file for STMicroelectronics.X-CUBE-EEPRMA1.5.1.0
2024-04-01 10:38:20,453 [WARN] PackLoader:240 - Cannot read IP mode file for SEGGER.I-CUBE-embOS.1.3.1
2024-04-01 10:38:20,498 [WARN] PackLoader:240 - Cannot read IP mode file for STMicroelectronics.X-CUBE-GNSS1.6.0.0
2024-04-01 10:38:20,520 [WARN] PackLoader:240 - Cannot read IP mode file for STMicroelectronics.X-CUBE-AZRTOS-F4.1.1.0
2024-04-01 10:38:20,530 [WARN] PackLoader:240 - Cannot read IP mode file for wolfSSL.I-CUBE-wolfSSL.5.6.6
2024-04-01 10:38:20,549 [WARN] PackLoader:240 - Cannot read IP mode file for STMicroelectronics.X-CUBE-AZRTOS-L5.2.0.0
2024-04-01 10:38:20,555 [WARN] PackLoader:240 - Cannot read IP mode file for STMicroelectronics.X-CUBE-EEPRMA1.4.2.0
2024-04-01 10:38:20,564 [WARN] PackLoader:240 - Cannot read IP mode file for STMicroelectronics.X-CUBE-NFC6.3.1.0
2024-04-01 10:38:20,571 [WARN] PackLoader:240 - Cannot read IP mode file for ITTIA_DB.I-CUBE-ITTIADB.8.8.0
2024-04-01 10:38:20,576 [WARN] PackLoader:240 - Cannot read IP mode file for STMicroelectronics.X-CUBE-NFC7.1.0.1
2024-04-01 10:38:20,583 [WARN] PackLoader:240 - Cannot read IP mode file for STMicroelectronics.X-CUBE-NFC6.3.0.0
2024-04-01 10:38:20,589 [WARN] PackLoader:240 - Cannot read IP mode file for STMicroelectronics.X-CUBE-AI.8.1.0
2024-04-01 10:38:20,605 [WARN] ConditionMgr:438 - getConditionDescription Invalid condition id : LAN8742 Phy interface Condition cause : null
2024-04-01 10:38:20,606 [WARN] PackLoader:240 - Cannot read IP mode file for STMicroelectronics.X-CUBE-AZRTOS-L4.2.0.0
2024-04-01 10:38:20,608 [WARN] ConditionMgr:1039 - genDependencies : Invalid condition id : LAN8742 Phy interface Condition cause : null
2024-04-01 10:38:20,608 [WARN] ConditionMgr:1039 - genDependencies : Invalid condition id : LAN8742 Phy interface Condition cause : null
2024-04-01 10:38:20,609 [WARN] ConditionMgr:1039 - genDependencies : Invalid condition id : LAN8742 Phy interface Condition cause : null
2024-04-01 10:38:20,619 [WARN] PackLoader:240 - Cannot read IP mode file for STMicroelectronics.X-CUBE-SFXS2LP1.4.0.0
2024-04-01 10:38:20,632 [WARN] ConditionMgr:438 - getConditionDescription Invalid condition id : UX DEVICE CLASS RTOS Condition cause : null
2024-04-01 10:38:20,632 [WARN] ConditionMgr:438 - getConditionDescription Invalid condition id : UX DEVICE CLASS RTOS Condition cause : null
2024-04-01 10:38:20,635 [WARN] PackLoader:240 - Cannot read IP mode file for STMicroelectronics.X-CUBE-AZRTOS-WB.2.0.0
2024-04-01 10:38:20,636 [WARN] ConditionMgr:1039 - genDependencies : Invalid condition id : UX DEVICE CLASS RTOS Condition cause : null
2024-04-01 10:38:20,636 [WARN] ConditionMgr:1039 - genDependencies : Invalid condition id : UX DEVICE CLASS RTOS Condition cause : null
2024-04-01 10:38:20,637 [WARN] ConditionMgr:1039 - genDependencies : Invalid condition id : UX DEVICE CLASS RTOS Condition cause : null
2024-04-01 10:38:20,638 [WARN] ConditionMgr:1039 - genDependencies : Invalid condition id : UX DEVICE CLASS RTOS Condition cause : null
2024-04-01 10:38:20,638 [WARN] ConditionMgr:1039 - genDependencies : Invalid condition id : UX DEVICE CLASS RTOS Condition cause : null
2024-04-01 10:38:20,653 [WARN] PackLoader:240 - Cannot read IP mode file for STMicroelectronics.X-CUBE-SUBG2.5.0.0
2024-04-01 10:38:20,677 [WARN] PackLoader:240 - Cannot read IP mode file for STMicroelectronics.X-CUBE-AZRTOS-G4.2.0.0
2024-04-01 10:38:20,704 [WARN] PackLoader:240 - Cannot read IP mode file for Infineon.AIROC-Wi-Fi-Bluetooth-STM32.1.5.1
2024-04-01 10:38:20,771 [WARN] PackLoader:240 - Cannot read IP mode file for STMicroelectronics.X-CUBE-MEMS1.10.0.0
2024-04-01 10:38:20,988 [WARN] PackLoader:240 - Cannot read IP mode file for STMicroelectronics.X-CUBE-FREERTOS.1.1.0
2024-04-01 10:38:20,995 [WARN] PackLoader:240 - Cannot read IP mode file for portGmbH.I-Cube-SoM-uGOAL.1.1.0
2024-04-01 10:38:21,001 [WARN] PackLoader:240 - Cannot read IP mode file for STMicroelectronics.X-CUBE-ALS.1.0.1
2024-04-01 10:38:21,006 [WARN] PackLoader:240 - Cannot read IP mode file for STMicroelectronics.FP-ATR-ASTRA1.2.0.0
2024-04-01 10:38:21,020 [WARN] PackLoader:240 - Cannot read IP mode file for STMicroelectronics.X-CUBE-TOF1.3.4.0
2024-04-01 10:38:21,052 [WARN] PackLoader:240 - Cannot read IP mode file for STMicroelectronics.X-CUBE-TOF1.3.4.1
2024-04-01 10:38:21,088 [WARN] PackLoader:240 - Cannot read IP mode file for STMicroelectronics.X-CUBE-AZRTOS-H7.3.2.0
2024-04-01 10:38:21,091 [INFO] ThirdParty:978 - Integrity check success = true
2024-04-01 10:38:21,092 [INFO] IntegrityCheckThread:100 - exiting critical section [integrity check]
2024-04-01 10:38:21,092 [INFO] IntegrityCheckThread:103 - End integrity checks thread
2024-04-01 10:38:40,822 [ERROR] LogOutputStream:75 - [STDERR_REDIRECT] SLF4J: Failed to load class "org.slf4j.impl.StaticLoggerBinder".
2024-04-01 10:38:40,823 [ERROR] LogOutputStream:75 - [STDERR_REDIRECT] SLF4J: Defaulting to no-operation (NOP) logger implementation
2024-04-01 10:38:40,824 [ERROR] LogOutputStream:75 - [STDERR_REDIRECT] SLF4J: See http://www.slf4j.org/codes.html#StaticLoggerBinder for further details.
2024-04-01 18:23:58,100 [ERROR] LogOutputStream:75 - [STDERR_REDIRECT] 
2024-04-01 18:24:49,439 [INFO] Activator:176 - 


2024-04-01 18:24:49,446 [INFO] Activator:177 - !SESSION log4j initialized
2024-04-01 18:25:02,373 [INFO] LogOutputStream:77 - [STDOUT_REDIRECT] 
2024-04-01 18:25:09,117 [INFO] ApplicationProperties:184 - Using Application install path: C:\ST\STM32CubeIDE_1.14.0\STM32CubeIDE\plugins\com.st.stm32cube.common.mx_6.10.0.202311202037
2024-04-01 18:25:09,155 [INFO] DbMcusXml:78 - Set database path to: C:\ST\STM32CubeIDE_1.14.0\STM32CubeIDE\plugins\com.st.stm32cube.common.mx_6.10.0.202311202037\\db\/mcu/
2024-04-01 18:25:09,156 [INFO] ApiDb:274 - Set plugin database path to: C:\ST\STM32CubeIDE_1.14.0\STM32CubeIDE\plugins\com.st.stm32cube.common.mx_6.10.0.202311202037\\db\/plugins/boardmanager/
2024-04-01 18:25:09,157 [WARN] ApiDb:259 - Overriding images path with different value:  => C:\ST\STM32CubeIDE_1.14.0\STM32CubeIDE\plugins\com.st.stm32cube.common.mx_6.10.0.202311202037\\db\/plugins/mcufinder/images/
2024-04-01 18:25:09,179 [INFO] ApiDb:250 - Set database path to: C:\Users\johns\.stmcufinder\plugins\mcufinder//mcu/
2024-04-01 18:25:09,185 [INFO] DbMcusAds:125 - Set database path to: C:\Users\johns\.stmcufinder\plugins\mcufinder//mcu/
2024-04-01 18:25:09,191 [INFO] CrossReferenceDbSqlite:203 - Set database path to: C:\Users\johns\.stmcufinder\plugins\mcufinder//mcu/cs/
2024-04-01 18:25:09,512 [INFO] RulesReader:64 - Compatibility file has been processed (297 Rules)
2024-04-01 18:25:09,786 [INFO] DbMcusXml:78 - Set database path to: C:\ST\STM32CubeIDE_1.14.0\STM32CubeIDE\plugins\com.st.stm32cube.common.mx_6.10.0.202311202037\\db\/mcu/
2024-04-01 18:25:09,787 [INFO] ApiDb:274 - Set plugin database path to: C:\ST\STM32CubeIDE_1.14.0\STM32CubeIDE\plugins\com.st.stm32cube.common.mx_6.10.0.202311202037\\db\/plugins/boardmanager/
2024-04-01 18:25:09,787 [INFO] ApiDb:261 - Set plugin images path to: C:\ST\STM32CubeIDE_1.14.0\STM32CubeIDE\plugins\com.st.stm32cube.common.mx_6.10.0.202311202037\\db\/plugins/mcufinder/images/
2024-04-01 18:25:09,787 [WARN] DbFile:41 - Overriding database path with different value: C:\Users\johns\.stmcufinder\plugins\mcufinder/ => C:\Users\johns\.stmcufinder\plugins\mcufinder
2024-04-01 18:25:09,787 [INFO] ApiDb:250 - Set database path to: C:\Users\johns\.stmcufinder\plugins\mcufinder//mcu/
2024-04-01 18:25:09,788 [WARN] DbFile:41 - Overriding database path with different value: C:\Users\johns\.stmcufinder\plugins\mcufinder/ => C:\Users\johns\.stmcufinder\plugins\mcufinder
2024-04-01 18:25:09,788 [INFO] DbMcusAds:125 - Set database path to: C:\Users\johns\.stmcufinder\plugins\mcufinder//mcu/
2024-04-01 18:25:09,788 [WARN] DbFile:41 - Overriding database path with different value: C:\Users\johns\.stmcufinder\plugins\mcufinder/ => C:\Users\johns\.stmcufinder\plugins\mcufinder
2024-04-01 18:25:09,788 [WARN] DbFile:41 - Overriding database path with different value: C:\Users\johns\.stmcufinder\plugins\mcufinder/ => C:\Users\johns\.stmcufinder\plugins\mcufinder
2024-04-01 18:25:09,789 [INFO] CrossReferenceDbSqlite:203 - Set database path to: C:\Users\johns\.stmcufinder\plugins\mcufinder//mcu/cs/
2024-04-01 18:25:09,977 [INFO] MainPanel:264 - HeapMemory: 268435456
2024-04-01 18:25:10,207 [INFO] DbMcusXml:78 - Set database path to: C:\ST\STM32CubeIDE_1.14.0\STM32CubeIDE\plugins\com.st.stm32cube.common.mx_6.10.0.202311202037\\db\/mcu/
2024-04-01 18:25:10,207 [INFO] ApiDb:274 - Set plugin database path to: C:\ST\STM32CubeIDE_1.14.0\STM32CubeIDE\plugins\com.st.stm32cube.common.mx_6.10.0.202311202037\\db\/plugins/boardmanager/
2024-04-01 18:25:10,207 [INFO] ApiDb:261 - Set plugin images path to: C:\ST\STM32CubeIDE_1.14.0\STM32CubeIDE\plugins\com.st.stm32cube.common.mx_6.10.0.202311202037\\db\/plugins/mcufinder/images/
2024-04-01 18:25:10,209 [WARN] DbFile:41 - Overriding database path with different value: C:\Users\johns\.stmcufinder\plugins\mcufinder/ => C:\Users\johns\.stmcufinder\plugins\mcufinder
2024-04-01 18:25:10,209 [INFO] ApiDb:250 - Set database path to: C:\Users\johns\.stmcufinder\plugins\mcufinder//mcu/
2024-04-01 18:25:10,209 [WARN] DbFile:41 - Overriding database path with different value: C:\Users\johns\.stmcufinder\plugins\mcufinder/ => C:\Users\johns\.stmcufinder\plugins\mcufinder
2024-04-01 18:25:10,210 [INFO] DbMcusAds:125 - Set database path to: C:\Users\johns\.stmcufinder\plugins\mcufinder//mcu/
2024-04-01 18:25:10,210 [WARN] DbFile:41 - Overriding database path with different value: C:\Users\johns\.stmcufinder\plugins\mcufinder/ => C:\Users\johns\.stmcufinder\plugins\mcufinder
2024-04-01 18:25:10,210 [WARN] DbFile:41 - Overriding database path with different value: C:\Users\johns\.stmcufinder\plugins\mcufinder/ => C:\Users\johns\.stmcufinder\plugins\mcufinder
2024-04-01 18:25:10,210 [INFO] CrossReferenceDbSqlite:203 - Set database path to: C:\Users\johns\.stmcufinder\plugins\mcufinder//mcu/cs/
2024-04-01 18:25:10,251 [INFO] ApplicationProperties:184 - Using Application install path: C:\ST\STM32CubeIDE_1.14.0\STM32CubeIDE\plugins\com.st.stm32cube.common.mx_6.10.0.202311202037
2024-04-01 18:25:10,255 [INFO] PluginManage:196 - Search for loadable plugins [exclusion list=, ]
2024-04-01 18:25:10,259 [INFO] PluginManage:310 - Check plugin analytics
2024-04-01 18:25:15,642 [INFO] AnalyticsPlugin:253 - Accepted Software Licenses: 
2024-04-01 18:25:15,643 [INFO] AnalyticsPlugin:255 - Accepted CMSIS Pack Licenses: 
2024-04-01 18:25:15,643 [INFO] AnalyticsPlugin:257 - Accepted Firmware Licenses: FW.F4.1.28.0
2024-04-01 18:25:15,648 [INFO] PluginManage:359 - Loaded plugin analytics (category:tool,tabindex:-1)
2024-04-01 18:25:15,648 [INFO] PluginManage:310 - Check plugin cadmodel
2024-04-01 18:25:15,665 [INFO] CADModel:105 - Init CAD model plugin
2024-04-01 18:25:15,666 [INFO] PluginManage:359 - Loaded plugin cadmodel (category:power,tabindex:5)
2024-04-01 18:25:15,669 [INFO] PluginManage:310 - Check plugin clock
2024-04-01 18:25:15,698 [INFO] PluginManage:359 - Loaded plugin clock (category:base,tabindex:2)
2024-04-01 18:25:15,698 [INFO] PluginManage:310 - Check plugin ddr
2024-04-01 18:25:15,703 [INFO] PluginManage:359 - Loaded plugin ddr (category:tool,tabindex:6)
2024-04-01 18:25:15,703 [INFO] PluginManage:310 - Check plugin filemanager
2024-04-01 18:25:15,969 [INFO] PluginManage:359 - Loaded plugin filemanager (category:base,tabindex:10)
2024-04-01 18:25:15,969 [INFO] PluginManage:310 - Check plugin ipmanager
2024-04-01 18:25:15,978 [INFO] PluginManage:359 - Loaded plugin ipmanager (category:base,tabindex:5)
2024-04-01 18:25:15,979 [INFO] PluginManage:310 - Check plugin lpbam
2024-04-01 18:25:15,991 [INFO] PluginManage:359 - Loaded plugin lpbam (category:base,tabindex:0)
2024-04-01 18:25:15,991 [INFO] PluginManage:310 - Check plugin memorymap
2024-04-01 18:25:16,032 [INFO] PluginManage:359 - Loaded plugin memorymap (category:base,tabindex:4)
2024-04-01 18:25:16,033 [INFO] PluginManage:310 - Check plugin pinoutandconfiguration
2024-04-01 18:25:16,053 [INFO] PluginManage:359 - Loaded plugin pinoutandconfiguration (category:base,tabindex:1)
2024-04-01 18:25:16,054 [INFO] PluginManage:310 - Check plugin pinoutconfig
2024-04-01 18:25:16,267 [WARN] SupportedApi:132 - Cannot load RTOS API schema: s4s-elt-must-match.1: The content of 'definitions' must match (annotation?, (simpleType | complexType)?, (unique | key | keyref)*)). A problem was found starting at: attribute.
2024-04-01 18:25:16,502 [INFO] PluginManage:359 - Loaded plugin pinoutconfig (category:base,tabindex:0)
2024-04-01 18:25:16,503 [INFO] PluginManage:310 - Check plugin power
2024-04-01 18:25:16,536 [INFO] PluginManage:359 - Loaded plugin power (category:power,tabindex:4)
2024-04-01 18:25:16,536 [INFO] PluginManage:310 - Check plugin projectmanager
2024-04-01 18:25:16,574 [INFO] PluginManage:359 - Loaded plugin projectmanager (category:projectmanager,tabindex:3)
2024-04-01 18:25:16,574 [INFO] PluginManage:310 - Check plugin thirdparty
2024-04-01 18:25:16,815 [INFO] PluginManage:359 - Loaded plugin thirdparty (category:base,tabindex:-1)
2024-04-01 18:25:16,815 [WARN] IntegrityCheckThread:84 - waiting for thirdparty lock release [integrity check]
2024-04-01 18:25:16,815 [INFO] PluginManage:310 - Check plugin tools
2024-04-01 18:25:16,815 [INFO] IntegrityCheckThread:86 - entering critical section [integrity check]
2024-04-01 18:25:16,817 [INFO] ThirdPartyUpdaterWithRetryManager:70 - Updater plugin not ready yet. [1/15]
2024-04-01 18:25:16,825 [INFO] PluginManage:359 - Loaded plugin tools (category:base,tabindex:7)
2024-04-01 18:25:16,826 [INFO] PluginManage:310 - Check plugin tutovideos
2024-04-01 18:25:17,122 [INFO] PluginManage:359 - Loaded plugin tutovideos (category:base,tabindex:-1)
2024-04-01 18:25:17,122 [INFO] PluginManage:310 - Check plugin updater
2024-04-01 18:25:17,137 [INFO] PluginManage:359 - Loaded plugin updater (category:base,tabindex:12)
2024-04-01 18:25:17,137 [INFO] PluginManage:310 - Check plugin userauth
2024-04-01 18:25:17,149 [INFO] UserAuth:114 - Init User Auth plugin
2024-04-01 18:25:17,150 [INFO] PluginManage:359 - Loaded plugin userauth (category:base,tabindex:14)
2024-04-01 18:25:17,151 [INFO] PluginManage:283 - PluginManage : Loaded plugins [17]
2024-04-01 18:25:17,555 [INFO] PinOutPanel:1499 - setPackage(No Configuration,No Configuration)
2024-04-01 18:25:17,751 [INFO] CADModel:165 - CPN selected for project level
2024-04-01 18:25:17,752 [INFO] CADModel:114 - Register for checkConnection events
2024-04-01 18:25:17,778 [INFO] IPUIPlugin:80 - create IPUIPlugin
2024-04-01 18:25:17,778 [INFO] PluginManager:220 - loadIPPluginJar : add adc
2024-04-01 18:25:17,782 [INFO] IPUIPlugin:80 - create IPUIPlugin
2024-04-01 18:25:17,782 [INFO] PluginManager:220 - loadIPPluginJar : add aes
2024-04-01 18:25:17,786 [INFO] IPUIPlugin:80 - create IPUIPlugin
2024-04-01 18:25:17,786 [INFO] PluginManager:220 - loadIPPluginJar : add can
2024-04-01 18:25:17,791 [INFO] IPUIPlugin:80 - create IPUIPlugin
2024-04-01 18:25:17,791 [INFO] PluginManager:220 - loadIPPluginJar : add comp
2024-04-01 18:25:17,801 [INFO] IPUIPlugin:80 - create IPUIPlugin
2024-04-01 18:25:17,801 [INFO] PluginManager:220 - loadIPPluginJar : add cryp
2024-04-01 18:25:17,810 [INFO] IPUIPlugin:80 - create IPUIPlugin
2024-04-01 18:25:17,810 [INFO] PluginManager:220 - loadIPPluginJar : add dfsdm
2024-04-01 18:25:17,820 [INFO] IPUIPlugin:80 - create IPUIPlugin
2024-04-01 18:25:17,820 [INFO] PluginManager:220 - loadIPPluginJar : add dma
2024-04-01 18:25:17,823 [INFO] IPUIPlugin:80 - create IPUIPlugin
2024-04-01 18:25:17,823 [INFO] PluginManager:220 - loadIPPluginJar : add dma3
2024-04-01 18:25:17,826 [INFO] IPUIPlugin:80 - create IPUIPlugin
2024-04-01 18:25:17,826 [INFO] PluginManager:220 - loadIPPluginJar : add fatfs
2024-04-01 18:25:17,832 [INFO] IPUIPlugin:80 - create IPUIPlugin
2024-04-01 18:25:17,833 [INFO] PluginManager:220 - loadIPPluginJar : add fmc
2024-04-01 18:25:17,844 [INFO] IPUIPlugin:80 - create IPUIPlugin
2024-04-01 18:25:17,844 [INFO] PluginManager:220 - loadIPPluginJar : add freertos
2024-04-01 18:25:17,846 [INFO] IPUIPlugin:80 - create IPUIPlugin
2024-04-01 18:25:17,847 [INFO] PluginManager:220 - loadIPPluginJar : add genericplugin
2024-04-01 18:25:17,852 [INFO] IPUIPlugin:80 - create IPUIPlugin
2024-04-01 18:25:17,853 [INFO] PluginManager:220 - loadIPPluginJar : add gfxmmu
2024-04-01 18:25:17,860 [INFO] IPUIPlugin:80 - create IPUIPlugin
2024-04-01 18:25:17,861 [INFO] PluginManager:220 - loadIPPluginJar : add gic
2024-04-01 18:25:17,871 [INFO] IPUIPlugin:80 - create IPUIPlugin
2024-04-01 18:25:17,871 [INFO] PluginManager:220 - loadIPPluginJar : add gpio
2024-04-01 18:25:17,874 [INFO] IPUIPlugin:80 - create IPUIPlugin
2024-04-01 18:25:17,875 [INFO] PluginManager:220 - loadIPPluginJar : add gtzc
2024-04-01 18:25:17,879 [INFO] IPUIPlugin:80 - create IPUIPlugin
2024-04-01 18:25:17,879 [INFO] PluginManager:220 - loadIPPluginJar : add hash
2024-04-01 18:25:17,882 [INFO] IPUIPlugin:80 - create IPUIPlugin
2024-04-01 18:25:17,883 [INFO] PluginManager:220 - loadIPPluginJar : add i2c
2024-04-01 18:25:17,886 [INFO] IPUIPlugin:80 - create IPUIPlugin
2024-04-01 18:25:17,887 [INFO] PluginManager:220 - loadIPPluginJar : add i2s
2024-04-01 18:25:17,893 [INFO] IPUIPlugin:80 - create IPUIPlugin
2024-04-01 18:25:17,893 [INFO] PluginManager:220 - loadIPPluginJar : add i3c
2024-04-01 18:25:17,900 [INFO] IPUIPlugin:80 - create IPUIPlugin
2024-04-01 18:25:17,900 [INFO] PluginManager:220 - loadIPPluginJar : add ipddr
2024-04-01 18:25:17,909 [INFO] IPUIPlugin:80 - create IPUIPlugin
2024-04-01 18:25:17,910 [INFO] PluginManager:220 - loadIPPluginJar : add linkedlist
2024-04-01 18:25:17,913 [INFO] IPUIPlugin:80 - create IPUIPlugin
2024-04-01 18:25:17,913 [INFO] PluginManager:220 - loadIPPluginJar : add lorawan
2024-04-01 18:25:17,915 [INFO] IPUIPlugin:80 - create IPUIPlugin
2024-04-01 18:25:17,916 [INFO] PluginManager:220 - loadIPPluginJar : add ltdc
2024-04-01 18:25:17,928 [INFO] IPUIPlugin:80 - create IPUIPlugin
2024-04-01 18:25:17,930 [INFO] PluginManager:220 - loadIPPluginJar : add mdma
2024-04-01 18:25:17,936 [INFO] IPUIPlugin:80 - create IPUIPlugin
2024-04-01 18:25:17,936 [INFO] PluginManager:220 - loadIPPluginJar : add nvic
2024-04-01 18:25:17,945 [INFO] IPUIPlugin:80 - create IPUIPlugin
2024-04-01 18:25:17,945 [INFO] PluginManager:220 - loadIPPluginJar : add opamp
2024-04-01 18:25:17,953 [INFO] IPUIPlugin:80 - create IPUIPlugin
2024-04-01 18:25:17,953 [INFO] PluginManager:220 - loadIPPluginJar : add openamp
2024-04-01 18:25:17,957 [INFO] IPUIPlugin:80 - create IPUIPlugin
2024-04-01 18:25:17,959 [INFO] PluginManager:220 - loadIPPluginJar : add pdm2pcm
2024-04-01 18:25:17,969 [INFO] IPUIPlugin:80 - create IPUIPlugin
2024-04-01 18:25:17,976 [INFO] PluginManager:220 - loadIPPluginJar : add plateformsettings
2024-04-01 18:25:17,980 [INFO] IPUIPlugin:80 - create IPUIPlugin
2024-04-01 18:25:17,980 [INFO] PluginManager:220 - loadIPPluginJar : add quadspi
2024-04-01 18:25:17,986 [INFO] IPUIPlugin:80 - create IPUIPlugin
2024-04-01 18:25:17,986 [INFO] PluginManager:220 - loadIPPluginJar : add resmgrutility
2024-04-01 18:25:17,994 [INFO] IPUIPlugin:80 - create IPUIPlugin
2024-04-01 18:25:17,994 [INFO] PluginManager:220 - loadIPPluginJar : add sai
2024-04-01 18:25:18,001 [INFO] IPUIPlugin:80 - create IPUIPlugin
2024-04-01 18:25:18,002 [INFO] PluginManager:220 - loadIPPluginJar : add spi
2024-04-01 18:25:18,009 [INFO] IPUIPlugin:80 - create IPUIPlugin
2024-04-01 18:25:18,011 [INFO] PluginManager:220 - loadIPPluginJar : add stm32_wpan
2024-04-01 18:25:18,013 [INFO] IPUIPlugin:80 - create IPUIPlugin
2024-04-01 18:25:18,013 [INFO] PluginManager:220 - loadIPPluginJar : add tim
2024-04-01 18:25:18,018 [INFO] IPUIPlugin:80 - create IPUIPlugin
2024-04-01 18:25:18,018 [INFO] PluginManager:220 - loadIPPluginJar : add touchsensing
2024-04-01 18:25:18,021 [INFO] IPUIPlugin:80 - create IPUIPlugin
2024-04-01 18:25:18,021 [INFO] PluginManager:220 - loadIPPluginJar : add tracer_emb
2024-04-01 18:25:18,024 [INFO] IPUIPlugin:80 - create IPUIPlugin
2024-04-01 18:25:18,024 [INFO] PluginManager:220 - loadIPPluginJar : add ts
2024-04-01 18:25:18,027 [INFO] IPUIPlugin:80 - create IPUIPlugin
2024-04-01 18:25:18,028 [INFO] PluginManager:220 - loadIPPluginJar : add tsc
2024-04-01 18:25:18,036 [INFO] IPUIPlugin:80 - create IPUIPlugin
2024-04-01 18:25:18,037 [INFO] PluginManager:220 - loadIPPluginJar : add ucpd
2024-04-01 18:25:18,043 [INFO] IPUIPlugin:80 - create IPUIPlugin
2024-04-01 18:25:18,044 [INFO] PluginManager:220 - loadIPPluginJar : add usart
2024-04-01 18:25:18,056 [INFO] IPUIPlugin:80 - create IPUIPlugin
2024-04-01 18:25:18,056 [INFO] PluginManager:220 - loadIPPluginJar : add usbx
2024-04-01 18:25:18,260 [INFO] CADModel:165 - CPN selected for project level
2024-04-01 18:25:18,261 [INFO] CADModel:114 - Register for checkConnection events
2024-04-01 18:25:18,262 [FATAL] Updater:308 - Updater called before beeing initialized
2024-04-01 18:25:18,262 [ERROR] CADModel:125 - Updater not yet initialized, retry later 
2024-04-01 18:25:18,537 [INFO] CADModel:165 - CPN selected for project level
2024-04-01 18:25:18,537 [INFO] CADModel:114 - Register for checkConnection events
2024-04-01 18:25:18,538 [FATAL] Updater:308 - Updater called before beeing initialized
2024-04-01 18:25:18,538 [ERROR] CADModel:125 - Updater not yet initialized, retry later 
2024-04-01 18:25:18,547 [FATAL] Updater:308 - Updater called before beeing initialized
2024-04-01 18:25:18,806 [FATAL] Updater:308 - Updater called before beeing initialized
2024-04-01 18:25:18,813 [INFO] DbMcusAds:53 - JSON generation date=Wed Nov 29 03:52:27 MST 2023 (1701255147349)
2024-04-01 18:25:18,813 [FATAL] Updater:308 - Updater called before beeing initialized
2024-04-01 18:25:18,882 [WARN] DetailPanel:346 - Failed to get advertising image, set to default
2024-04-01 18:25:19,039 [FATAL] Updater:308 - Updater called before beeing initialized
2024-04-01 18:25:19,042 [FATAL] Updater:308 - Updater called before beeing initialized
2024-04-01 18:25:19,042 [FATAL] Updater:308 - Updater called before beeing initialized
2024-04-01 18:25:19,042 [WARN] DetailPanel:346 - Failed to get advertising image, set to default
2024-04-01 18:25:19,043 [FATAL] Updater:308 - Updater called before beeing initialized
2024-04-01 18:25:19,136 [ERROR] Updater:1120 - MainUpdater not yet initialized. External WinMGr cannot be set.
2024-04-01 18:25:19,144 [INFO] Updater:1056 - Updater Version found : 6.10.0
2024-04-01 18:25:19,175 [INFO] ApplicationProperties:184 - Using Application install path: C:\ST\STM32CubeIDE_1.14.0\STM32CubeIDE\plugins\com.st.stm32cube.common.mx_6.10.0.202311202037
2024-04-01 18:25:19,819 [INFO] ThirdPartyUpdaterWithRetryManager:70 - Updater plugin not ready yet. [2/15]
2024-04-01 18:25:20,776 [ERROR] LogOutputStream:75 - [STDERR_REDIRECT] Apr 01, 2024 6:25:20 PM java.util.prefs.WindowsPreferences <init>
2024-04-01 18:25:20,780 [ERROR] LogOutputStream:75 - [STDERR_REDIRECT] WARNING: Could not open/create prefs root node Software\JavaSoft\Prefs at root 0xffffffff80000002. Windows RegCreateKeyEx(...) returned error code 5.
2024-04-01 18:25:20,780 [ERROR] LogOutputStream:75 - [STDERR_REDIRECT] 
2024-04-01 18:25:21,617 [INFO] MainUpdater:2873 - connection check result : 10
2024-04-01 18:25:21,621 [INFO] MainUpdater:290 - Updater Check For Update Now.
2024-04-01 18:25:21,623 [INFO] MicroXplorer:498 - Change Database Version : DB.6.0.100
2024-04-01 18:25:21,641 [INFO] McuFinderGlobals:63 - Set McuFinder mode to 2 (CubeIDE integrated)
2024-04-01 18:25:21,642 [INFO] UserAuth:180 - activating auth plugin
2024-04-01 18:25:21,647 [INFO] UserAuth:404 - Internet connection configuration mode: 1
2024-04-01 18:25:21,711 [INFO] JxBrowserEngine:152 - Initiate JxBrowser Engine with user profile folder
2024-04-01 18:25:21,972 [INFO] CheckServerUpdateThread:120 - End of CheckServer Thread
2024-04-01 18:25:23,486 [WARN] PackLoader:240 - Cannot read IP mode file for STMicroelectronics.X-CUBE-SMBUS.2.1.0
2024-04-01 18:25:23,511 [WARN] PackLoader:240 - Cannot read IP mode file for STMicroelectronics.X-CUBE-TOUCHGFX.4.23.1
2024-04-01 18:25:23,518 [WARN] PackLoader:240 - Cannot read IP mode file for STMicroelectronics.X-CUBE-TOUCHGFX.4.23.0
2024-04-01 18:25:23,605 [WARN] PackLoader:240 - Cannot read IP mode file for STMicroelectronics.X-CUBE-AZRTOS-F7.1.1.0
2024-04-01 18:25:23,631 [WARN] PackLoader:240 - Cannot read IP mode file for STMicroelectronics.FP-SNS-MOTENV1.4.3.2
2024-04-01 18:25:23,651 [WARN] PackLoader:240 - Cannot read IP mode file for STMicroelectronics.FP-SNS-FLIGHT1.5.0.2
2024-04-01 18:25:23,672 [WARN] PackLoader:240 - Cannot read IP mode file for STMicroelectronics.X-CUBE-DISPLAY.3.0.0
2024-04-01 18:25:23,712 [WARN] PackLoader:240 - Cannot read IP mode file for STMicroelectronics.X-CUBE-BLE1.7.0.0
2024-04-01 18:25:23,727 [WARN] PackLoader:240 - Cannot read IP mode file for emotas.I-CUBE-CANOPEN.1.3.0
2024-04-01 18:25:23,766 [WARN] PackLoader:240 - Cannot read IP mode file for STMicroelectronics.X-CUBE-BLEMGR.3.1.0
2024-04-01 18:25:23,784 [WARN] PackLoader:240 - Cannot read IP mode file for STMicroelectronics.FP-SNS-SMARTAG2.1.2.0
2024-04-01 18:25:23,816 [INFO] LogOutputStream:77 - [STDOUT_REDIRECT] 1 : Invalid condition id : UX_CORESTACK_Condition cause : null
2024-04-01 18:25:23,817 [INFO] LogOutputStream:77 - [STDOUT_REDIRECT] 1 : Invalid condition id : UX_CORESTACK_Condition cause : null
2024-04-01 18:25:23,820 [INFO] LogOutputStream:77 - [STDOUT_REDIRECT] 1 : Invalid condition id : UX_CORESTACK_Condition cause : null
2024-04-01 18:25:23,823 [INFO] LogOutputStream:77 - [STDOUT_REDIRECT] 1 : Invalid condition id : UX_CORESTACK_Condition cause : null
2024-04-01 18:25:23,826 [INFO] LogOutputStream:77 - [STDOUT_REDIRECT] 1 : Invalid condition id : UX_CORESTACK_Condition cause : null
2024-04-01 18:25:23,839 [WARN] PackLoader:240 - Cannot read IP mode file for STMicroelectronics.X-CUBE-AZRTOS-WL.2.0.0
2024-04-01 18:25:23,851 [WARN] PackLoader:240 - Cannot read IP mode file for STMicroelectronics.FP-SNS-MOTENV1.5.0.0
2024-04-01 18:25:23,880 [WARN] PackLoader:240 - Cannot read IP mode file for WES.I-CUBE-Cesium.1.3.0
2024-04-01 18:25:23,894 [WARN] PackLoader:240 - Cannot read IP mode file for STMicroelectronics.X-CUBE-BLE2.3.3.0
2024-04-01 18:25:23,912 [WARN] PackLoader:240 - Cannot read IP mode file for STMicroelectronics.X-CUBE-ALGOBUILD.1.3.0
2024-04-01 18:25:23,962 [WARN] PackLoader:240 - Cannot read IP mode file for STMicroelectronics.X-CUBE-AZRTOS-G0.1.1.0
2024-04-01 18:25:23,982 [WARN] PackLoader:240 - Cannot read IP mode file for STMicroelectronics.X-CUBE-SAFEA1.1.2.2
2024-04-01 18:25:23,998 [WARN] PackLoader:240 - Cannot read IP mode file for STMicroelectronics.X-CUBE-NFC4.3.0.0
2024-04-01 18:25:24,021 [WARN] PackLoader:240 - Cannot read IP mode file for STMicroelectronics.X-CUBE-BLEMGR.3.0.0
2024-04-01 18:25:24,039 [WARN] PackLoader:240 - Cannot read IP mode file for STMicroelectronics.FP-ATR-SIGFOX1.3.2.0
2024-04-01 18:25:24,059 [WARN] PackLoader:240 - Cannot read IP mode file for STMicroelectronics.X-CUBE-EEPRMA1.5.1.0
2024-04-01 18:25:24,220 [WARN] PackLoader:240 - Cannot read IP mode file for SEGGER.I-CUBE-embOS.1.3.1
2024-04-01 18:25:24,341 [WARN] PackLoader:240 - Cannot read IP mode file for STMicroelectronics.X-CUBE-GNSS1.6.0.0
2024-04-01 18:25:24,386 [WARN] PackLoader:240 - Cannot read IP mode file for STMicroelectronics.X-CUBE-AZRTOS-F4.1.1.0
2024-04-01 18:25:24,402 [WARN] PackLoader:240 - Cannot read IP mode file for wolfSSL.I-CUBE-wolfSSL.5.6.6
2024-04-01 18:25:24,444 [WARN] PackLoader:240 - Cannot read IP mode file for STMicroelectronics.X-CUBE-AZRTOS-L5.2.0.0
2024-04-01 18:25:24,463 [WARN] PackLoader:240 - Cannot read IP mode file for STMicroelectronics.X-CUBE-EEPRMA1.4.2.0
2024-04-01 18:25:24,481 [WARN] PackLoader:240 - Cannot read IP mode file for STMicroelectronics.X-CUBE-NFC6.3.1.0
2024-04-01 18:25:24,504 [WARN] PackLoader:240 - Cannot read IP mode file for ITTIA_DB.I-CUBE-ITTIADB.8.8.0
2024-04-01 18:25:24,517 [WARN] PackLoader:240 - Cannot read IP mode file for STMicroelectronics.X-CUBE-NFC7.1.0.1
2024-04-01 18:25:24,534 [WARN] PackLoader:240 - Cannot read IP mode file for STMicroelectronics.X-CUBE-NFC6.3.0.0
2024-04-01 18:25:24,547 [INFO] WebApp:161 - Instantiating new browser for Auth
2024-04-01 18:25:24,547 [WARN] PackLoader:240 - Cannot read IP mode file for STMicroelectronics.X-CUBE-AI.8.1.0
2024-04-01 18:25:24,590 [WARN] ConditionMgr:438 - getConditionDescription Invalid condition id : LAN8742 Phy interface Condition cause : null
2024-04-01 18:25:24,592 [WARN] PackLoader:240 - Cannot read IP mode file for STMicroelectronics.X-CUBE-AZRTOS-L4.2.0.0
2024-04-01 18:25:24,596 [WARN] ConditionMgr:1039 - genDependencies : Invalid condition id : LAN8742 Phy interface Condition cause : null
2024-04-01 18:25:24,597 [WARN] ConditionMgr:1039 - genDependencies : Invalid condition id : LAN8742 Phy interface Condition cause : null
2024-04-01 18:25:24,598 [WARN] ConditionMgr:1039 - genDependencies : Invalid condition id : LAN8742 Phy interface Condition cause : null
2024-04-01 18:25:24,615 [WARN] PackLoader:240 - Cannot read IP mode file for STMicroelectronics.X-CUBE-SFXS2LP1.4.0.0
2024-04-01 18:25:24,647 [WARN] ConditionMgr:438 - getConditionDescription Invalid condition id : UX DEVICE CLASS RTOS Condition cause : null
2024-04-01 18:25:24,647 [WARN] ConditionMgr:438 - getConditionDescription Invalid condition id : UX DEVICE CLASS RTOS Condition cause : null
2024-04-01 18:25:24,653 [WARN] PackLoader:240 - Cannot read IP mode file for STMicroelectronics.X-CUBE-AZRTOS-WB.2.0.0
2024-04-01 18:25:24,654 [WARN] ConditionMgr:1039 - genDependencies : Invalid condition id : UX DEVICE CLASS RTOS Condition cause : null
2024-04-01 18:25:24,654 [WARN] ConditionMgr:1039 - genDependencies : Invalid condition id : UX DEVICE CLASS RTOS Condition cause : null
2024-04-01 18:25:24,656 [WARN] ConditionMgr:1039 - genDependencies : Invalid condition id : UX DEVICE CLASS RTOS Condition cause : null
2024-04-01 18:25:24,656 [WARN] ConditionMgr:1039 - genDependencies : Invalid condition id : UX DEVICE CLASS RTOS Condition cause : null
2024-04-01 18:25:24,657 [WARN] ConditionMgr:1039 - genDependencies : Invalid condition id : UX DEVICE CLASS RTOS Condition cause : null
2024-04-01 18:25:24,683 [WARN] PackLoader:240 - Cannot read IP mode file for STMicroelectronics.X-CUBE-SUBG2.5.0.0
2024-04-01 18:25:24,759 [WARN] PackLoader:240 - Cannot read IP mode file for STMicroelectronics.X-CUBE-AZRTOS-G4.2.0.0
2024-04-01 18:25:24,795 [WARN] PackLoader:240 - Cannot read IP mode file for Infineon.AIROC-Wi-Fi-Bluetooth-STM32.1.5.1
2024-04-01 18:25:24,958 [WARN] PackLoader:240 - Cannot read IP mode file for STMicroelectronics.X-CUBE-MEMS1.10.0.0
2024-04-01 18:25:25,386 [WARN] PackLoader:240 - Cannot read IP mode file for STMicroelectronics.X-CUBE-FREERTOS.1.1.0
2024-04-01 18:25:25,400 [WARN] PackLoader:240 - Cannot read IP mode file for portGmbH.I-Cube-SoM-uGOAL.1.1.0
2024-04-01 18:25:25,409 [WARN] PackLoader:240 - Cannot read IP mode file for STMicroelectronics.X-CUBE-ALS.1.0.1
2024-04-01 18:25:25,420 [WARN] PackLoader:240 - Cannot read IP mode file for STMicroelectronics.FP-ATR-ASTRA1.2.0.0
2024-04-01 18:25:25,443 [WARN] PackLoader:240 - Cannot read IP mode file for STMicroelectronics.X-CUBE-TOF1.3.4.0
2024-04-01 18:25:25,494 [WARN] PackLoader:240 - Cannot read IP mode file for STMicroelectronics.X-CUBE-TOF1.3.4.1
2024-04-01 18:25:25,578 [WARN] PackLoader:240 - Cannot read IP mode file for STMicroelectronics.X-CUBE-AZRTOS-H7.3.2.0
2024-04-01 18:25:25,587 [INFO] ThirdParty:978 - Integrity check success = true
2024-04-01 18:25:25,587 [INFO] IntegrityCheckThread:100 - exiting critical section [integrity check]
2024-04-01 18:25:25,587 [INFO] IntegrityCheckThread:103 - End integrity checks thread
2024-04-01 18:25:26,555 [INFO] WebApp:780 - Register for checkConnection events
2024-04-01 18:25:26,556 [INFO] WebApp:414 - Apply proxy settings
2024-04-01 18:25:26,556 [INFO] WebApp:499 - Chromium requires no authentication
2024-04-01 18:25:26,587 [INFO] WebApp:442 - Direct internet connection detected
2024-04-01 18:25:27,098 [INFO] WebApp:192 - Starting web application
2024-04-01 18:25:27,099 [INFO] WebApp:544 - Web application path used C:\ST\STM32CubeIDE_1.14.0\STM32CubeIDE\plugins\com.st.stm32cube.common.mx_6.10.0.202311202037\db\plugins\mcufinder\reactClient1\index.html
2024-04-01 18:25:48,592 [ERROR] LogOutputStream:75 - [STDERR_REDIRECT] SLF4J: Failed to load class "org.slf4j.impl.StaticLoggerBinder".
2024-04-01 18:25:48,593 [ERROR] LogOutputStream:75 - [STDERR_REDIRECT] SLF4J: Defaulting to no-operation (NOP) logger implementation
2024-04-01 18:25:48,594 [ERROR] LogOutputStream:75 - [STDERR_REDIRECT] SLF4J: See http://www.slf4j.org/codes.html#StaticLoggerBinder for further details.
